2025-08-15 14:48:02,759 - INFO - Loading EPA fuel economy data...
2025-08-15 14:48:02,759 - INFO - Downloading EPA database...
2025-08-15 14:48:08,961 - INFO - Successfully loaded EPA data: 48671 vehicles
2025-08-15 14:48:08,961 - INFO - 🇰🇪 Starting MASSIVE Kenya vehicle data collection...
2025-08-15 14:48:08,961 - INFO - 📊 Target: 6000+ vehicles from 2000-2019
2025-08-15 14:48:08,961 - INFO - Fetching vehicle makes...
2025-08-15 14:48:10,462 - INFO - Found 192 vehicle makes
2025-08-15 14:48:10,463 - INFO - 🚀 Processing 23 makes across 20 years
2025-08-15 14:48:10,463 - INFO - 📈 Expected combinations: 23 × 20 = 460 potential make-year pairs
2025-08-15 14:48:10,463 - INFO - 🔧 Processing: JAGUAR
2025-08-15 14:48:11,603 - INFO -   📅 2000: 6 models collected (1.1s)
2025-08-15 14:48:12,881 - INFO -   📅 2001: 6 models collected (1.3s)
2025-08-15 14:48:14,082 - INFO -   📅 2002: 8 models collected (1.2s)
2025-08-15 14:48:15,331 - INFO -   📅 2003: 8 models collected (1.2s)
2025-08-15 14:48:16,590 - INFO -   📅 2004: 7 models collected (1.3s)
2025-08-15 14:48:17,935 - INFO -   📅 2005: 5 models collected (1.3s)
2025-08-15 14:48:19,125 - INFO -   📅 2006: 5 models collected (1.2s)
2025-08-15 14:48:20,301 - INFO -   📅 2007: 5 models collected (1.2s)
2025-08-15 14:48:21,605 - INFO -   📅 2008: 4 models collected (1.3s)
2025-08-15 14:48:22,840 - INFO -   📅 2009: 3 models collected (1.2s)
2025-08-15 14:48:24,358 - INFO -   📅 2010: 3 models collected (1.5s)
2025-08-15 14:48:25,523 - INFO -   📅 2011: 3 models collected (1.2s)
2025-08-15 14:48:26,820 - INFO -   📅 2012: 3 models collected (1.3s)
2025-08-15 14:48:28,062 - INFO -   📅 2013: 3 models collected (1.2s)
2025-08-15 14:48:29,293 - INFO -   📅 2014: 4 models collected (1.2s)
2025-08-15 14:48:30,517 - INFO -   📅 2015: 4 models collected (1.2s)
2025-08-15 14:48:31,943 - INFO -   📅 2016: 3 models collected (1.4s)
2025-08-15 14:48:33,195 - INFO -   📅 2017: 5 models collected (1.3s)
2025-08-15 14:48:34,542 - INFO -   📅 2018: 6 models collected (1.3s)
2025-08-15 14:48:35,780 - INFO -   📅 2019: 7 models collected (1.2s)
2025-08-15 14:48:35,780 - INFO - ✅ JAGUAR complete: 98 vehicles (25.3s)
2025-08-15 14:48:35,780 - INFO - 🔧 Processing: TOYOTA
2025-08-15 14:48:37,155 - INFO -     📊 Progress: 100 vehicles collected so far...
2025-08-15 14:48:37,334 - INFO -   📅 2000: 15 models collected (1.6s)
2025-08-15 14:48:38,703 - INFO -   📅 2001: 17 models collected (1.4s)
2025-08-15 14:48:40,116 - INFO -   📅 2002: 18 models collected (1.4s)
2025-08-15 14:48:41,772 - INFO -   📅 2003: 20 models collected (1.7s)
2025-08-15 14:48:43,155 - INFO -   📅 2004: 22 models collected (1.4s)
2025-08-15 14:48:44,431 - INFO -     📊 Progress: 200 vehicles collected so far...
2025-08-15 14:48:44,582 - INFO -   📅 2005: 21 models collected (1.4s)
2025-08-15 14:48:46,268 - INFO -   📅 2006: 20 models collected (1.7s)
2025-08-15 14:48:47,717 - INFO -   📅 2007: 21 models collected (1.4s)
2025-08-15 14:48:49,320 - INFO -   📅 2008: 21 models collected (1.6s)
2025-08-15 14:48:50,793 - INFO -   📅 2009: 23 models collected (1.5s)
2025-08-15 14:48:52,070 - INFO -     📊 Progress: 300 vehicles collected so far...
2025-08-15 14:48:52,333 - INFO -   📅 2010: 22 models collected (1.5s)
2025-08-15 14:48:53,815 - INFO -   📅 2011: 23 models collected (1.5s)
2025-08-15 14:48:55,316 - INFO -   📅 2012: 25 models collected (1.5s)
2025-08-15 14:48:56,872 - INFO -   📅 2013: 26 models collected (1.6s)
2025-08-15 14:48:58,086 - INFO -     📊 Progress: 400 vehicles collected so far...
2025-08-15 14:48:58,336 - INFO -   📅 2014: 25 models collected (1.5s)
2025-08-15 14:48:59,732 - INFO -   📅 2015: 23 models collected (1.4s)
2025-08-15 14:49:01,220 - INFO -   📅 2016: 24 models collected (1.5s)
2025-08-15 14:49:02,761 - INFO -   📅 2017: 24 models collected (1.5s)
2025-08-15 14:49:04,012 - INFO -     📊 Progress: 500 vehicles collected so far...
2025-08-15 14:49:04,189 - INFO -   📅 2018: 24 models collected (1.4s)
2025-08-15 14:49:05,708 - INFO -   📅 2019: 23 models collected (1.5s)
2025-08-15 14:49:05,708 - INFO - ✅ TOYOTA complete: 437 vehicles (29.9s)
2025-08-15 14:49:05,708 - INFO - 🔧 Processing: MERCEDES-BENZ
2025-08-15 14:49:07,491 - INFO -   📅 2000: 20 models collected (1.8s)
2025-08-15 14:49:08,929 - INFO -   📅 2001: 20 models collected (1.4s)
2025-08-15 14:49:10,393 - INFO -   📅 2002: 21 models collected (1.5s)
2025-08-15 14:49:11,623 - INFO -     📊 Progress: 600 vehicles collected so far...
2025-08-15 14:49:11,929 - INFO -   📅 2003: 21 models collected (1.5s)
2025-08-15 14:49:13,583 - INFO -   📅 2004: 22 models collected (1.7s)
2025-08-15 14:49:15,233 - INFO -   📅 2005: 23 models collected (1.6s)
2025-08-15 14:49:16,797 - INFO -   📅 2006: 25 models collected (1.6s)
2025-08-15 14:49:18,323 - INFO -     📊 Progress: 700 vehicles collected so far...
2025-08-15 14:49:18,542 - INFO -   📅 2007: 25 models collected (1.7s)
2025-08-15 14:49:20,235 - INFO -   📅 2008: 25 models collected (1.7s)
2025-08-15 14:49:22,019 - INFO -   📅 2009: 25 models collected (1.8s)
2025-08-15 14:49:23,553 - INFO -   📅 2010: 27 models collected (1.5s)
2025-08-15 14:49:24,992 - INFO -     📊 Progress: 800 vehicles collected so far...
2025-08-15 14:49:25,320 - INFO -   📅 2011: 30 models collected (1.8s)
2025-08-15 14:49:27,021 - INFO -   📅 2012: 30 models collected (1.7s)
2025-08-15 14:49:28,795 - INFO -   📅 2013: 29 models collected (1.8s)
2025-08-15 14:49:30,298 - INFO -     📊 Progress: 900 vehicles collected so far...
2025-08-15 14:49:30,444 - INFO -   📅 2014: 30 models collected (1.6s)
2025-08-15 14:49:32,172 - INFO -   📅 2015: 31 models collected (1.7s)
2025-08-15 14:49:33,794 - INFO -   📅 2016: 37 models collected (1.6s)
2025-08-15 14:49:35,278 - INFO -     📊 Progress: 1000 vehicles collected so far...
2025-08-15 14:49:35,528 - INFO -   📅 2017: 38 models collected (1.7s)
2025-08-15 14:49:37,294 - INFO -   📅 2018: 38 models collected (1.8s)
2025-08-15 14:49:39,116 - INFO -   📅 2019: 40 models collected (1.8s)
2025-08-15 14:49:39,116 - INFO - ✅ MERCEDES-BENZ complete: 557 vehicles (33.4s)
2025-08-15 14:49:39,116 - INFO - 🎯 MILESTONE: 1092 vehicles collected!
2025-08-15 14:49:39,116 - INFO - 🔧 Processing: BMW
2025-08-15 14:49:40,543 - INFO -     📊 Progress: 1100 vehicles collected so far...
2025-08-15 14:49:41,560 - INFO -   📅 2000: 62 models collected (2.4s)
2025-08-15 14:49:43,468 - INFO -     📊 Progress: 1200 vehicles collected so far...
2025-08-15 14:49:43,762 - INFO -   📅 2001: 62 models collected (2.2s)
2025-08-15 14:49:45,914 - INFO -   📅 2002: 58 models collected (2.2s)
2025-08-15 14:49:47,541 - INFO -     📊 Progress: 1300 vehicles collected so far...
2025-08-15 14:49:48,182 - INFO -   📅 2003: 64 models collected (2.3s)
2025-08-15 14:49:51,016 - INFO -   📅 2004: 61 models collected (2.8s)
2025-08-15 14:49:52,136 - INFO -     📊 Progress: 1400 vehicles collected so far...
2025-08-15 14:49:53,147 - INFO -   📅 2005: 59 models collected (2.1s)
2025-08-15 14:49:55,097 - INFO -     📊 Progress: 1500 vehicles collected so far...
2025-08-15 14:49:55,323 - INFO -   📅 2006: 58 models collected (2.2s)
2025-08-15 14:49:57,394 - INFO -   📅 2007: 52 models collected (2.1s)
2025-08-15 14:49:59,117 - INFO -     📊 Progress: 1600 vehicles collected so far...
2025-08-15 14:49:59,505 - INFO -   📅 2008: 53 models collected (2.1s)
2025-08-15 14:50:01,476 - INFO -   📅 2009: 45 models collected (2.0s)
2025-08-15 14:50:03,230 - INFO -     📊 Progress: 1700 vehicles collected so far...
2025-08-15 14:50:03,470 - INFO -   📅 2010: 46 models collected (2.0s)
2025-08-15 14:50:05,382 - INFO -   📅 2011: 47 models collected (1.9s)
2025-08-15 14:50:07,121 - INFO -     📊 Progress: 1800 vehicles collected so far...
2025-08-15 14:50:07,338 - INFO -   📅 2012: 53 models collected (2.0s)
2025-08-15 14:50:09,318 - INFO -   📅 2013: 48 models collected (2.0s)
2025-08-15 14:50:11,081 - INFO -     📊 Progress: 1900 vehicles collected so far...
2025-08-15 14:50:11,296 - INFO -   📅 2014: 57 models collected (2.0s)
2025-08-15 14:50:13,302 - INFO -   📅 2015: 56 models collected (2.0s)
2025-08-15 14:50:14,816 - INFO -     📊 Progress: 2000 vehicles collected so far...
2025-08-15 14:50:15,171 - INFO -   📅 2016: 51 models collected (1.9s)
2025-08-15 14:50:17,115 - INFO -   📅 2017: 55 models collected (1.9s)
2025-08-15 14:50:18,853 - INFO -     📊 Progress: 2100 vehicles collected so far...
2025-08-15 14:50:19,412 - INFO -   📅 2018: 59 models collected (2.3s)
2025-08-15 14:50:21,545 - INFO -     📊 Progress: 2200 vehicles collected so far...
2025-08-15 14:50:21,625 - INFO -   📅 2019: 66 models collected (2.2s)
2025-08-15 14:50:21,625 - INFO - ✅ BMW complete: 1112 vehicles (42.5s)
2025-08-15 14:50:21,625 - INFO - 🎯 MILESTONE: 2204 vehicles collected!
2025-08-15 14:50:21,625 - INFO - 🔧 Processing: FORD
2025-08-15 14:50:23,379 - INFO -   📅 2000: 66 models collected (1.8s)
2025-08-15 14:50:24,642 - INFO -     📊 Progress: 2300 vehicles collected so far...
2025-08-15 14:50:24,959 - INFO -   📅 2001: 71 models collected (1.6s)
2025-08-15 14:50:26,477 - INFO -     📊 Progress: 2400 vehicles collected so far...
2025-08-15 14:50:26,689 - INFO -   📅 2002: 87 models collected (1.7s)
2025-08-15 14:50:28,340 - INFO -   📅 2003: 50 models collected (1.7s)
2025-08-15 14:50:29,809 - INFO -     📊 Progress: 2500 vehicles collected so far...
2025-08-15 14:50:30,119 - INFO -   📅 2004: 52 models collected (1.8s)
2025-08-15 14:50:32,133 - INFO -   📅 2005: 52 models collected (2.0s)
2025-08-15 14:50:33,660 - INFO -     📊 Progress: 2600 vehicles collected so far...
2025-08-15 14:50:34,011 - INFO -   📅 2006: 52 models collected (1.9s)
2025-08-15 14:50:35,774 - INFO -   📅 2007: 55 models collected (1.8s)
2025-08-15 14:50:37,050 - INFO -     📊 Progress: 2700 vehicles collected so far...
2025-08-15 14:50:37,493 - INFO -   📅 2008: 54 models collected (1.7s)
2025-08-15 14:50:39,344 - INFO -   📅 2009: 51 models collected (1.9s)
2025-08-15 14:50:40,786 - INFO -     📊 Progress: 2800 vehicles collected so far...
2025-08-15 14:50:41,281 - INFO -   📅 2010: 50 models collected (1.9s)
2025-08-15 14:50:43,057 - INFO -   📅 2011: 50 models collected (1.8s)
2025-08-15 14:50:44,468 - INFO -     📊 Progress: 2900 vehicles collected so far...
2025-08-15 14:50:44,928 - INFO -   📅 2012: 48 models collected (1.9s)
2025-08-15 14:50:46,640 - INFO -   📅 2013: 49 models collected (1.7s)
2025-08-15 14:50:47,928 - INFO -     📊 Progress: 3000 vehicles collected so far...
2025-08-15 14:50:48,384 - INFO -   📅 2014: 49 models collected (1.7s)
2025-08-15 14:50:50,237 - INFO -   📅 2015: 44 models collected (1.9s)
2025-08-15 14:50:51,724 - INFO -     📊 Progress: 3100 vehicles collected so far...
2025-08-15 14:50:52,070 - INFO -   📅 2016: 43 models collected (1.8s)
2025-08-15 14:50:53,887 - INFO -   📅 2017: 48 models collected (1.8s)
2025-08-15 14:50:55,364 - INFO -     📊 Progress: 3200 vehicles collected so far...
2025-08-15 14:50:55,700 - INFO -   📅 2018: 49 models collected (1.8s)
2025-08-15 14:50:57,736 - INFO -   📅 2019: 51 models collected (2.0s)
2025-08-15 14:50:57,736 - INFO - ✅ FORD complete: 1071 vehicles (36.1s)
2025-08-15 14:50:57,736 - INFO - 🎯 MILESTONE: 3275 vehicles collected!
2025-08-15 14:50:57,736 - INFO - 🔧 Processing: CHEVROLET
2025-08-15 14:50:59,189 - INFO -     📊 Progress: 3300 vehicles collected so far...
2025-08-15 14:50:59,383 - INFO -   📅 2000: 40 models collected (1.6s)
2025-08-15 14:51:01,272 - INFO -   📅 2001: 45 models collected (1.9s)
2025-08-15 14:51:02,860 - INFO -     📊 Progress: 3400 vehicles collected so far...
2025-08-15 14:51:02,860 - INFO -   📅 2002: 40 models collected (1.6s)
2025-08-15 14:51:04,617 - INFO -   📅 2003: 40 models collected (1.8s)
2025-08-15 14:51:06,273 - INFO -   📅 2004: 48 models collected (1.7s)
2025-08-15 14:51:07,438 - INFO -     📊 Progress: 3500 vehicles collected so far...
2025-08-15 14:51:07,918 - INFO -   📅 2005: 47 models collected (1.6s)
2025-08-15 14:51:24,637 - INFO -   📅 2006: 47 models collected (16.7s)
2025-08-15 14:51:25,921 - INFO -     📊 Progress: 3600 vehicles collected so far...
2025-08-15 14:51:26,197 - INFO -   📅 2007: 42 models collected (1.6s)
2025-08-15 14:51:27,941 - INFO -   📅 2008: 43 models collected (1.7s)
2025-08-15 14:51:29,380 - INFO -     📊 Progress: 3700 vehicles collected so far...
2025-08-15 14:51:29,633 - INFO -   📅 2009: 52 models collected (1.7s)
2025-08-15 14:51:31,268 - INFO -   📅 2010: 37 models collected (1.6s)
2025-08-15 14:51:32,712 - INFO -   📅 2011: 31 models collected (1.4s)
2025-08-15 14:51:34,155 - INFO -     📊 Progress: 3800 vehicles collected so far...
2025-08-15 14:51:34,338 - INFO -   📅 2012: 31 models collected (1.6s)
2025-08-15 14:51:35,955 - INFO -   📅 2013: 28 models collected (1.6s)
2025-08-15 14:51:37,772 - INFO -   📅 2014: 29 models collected (1.8s)
2025-08-15 14:51:39,194 - INFO -     📊 Progress: 3900 vehicles collected so far...
2025-08-15 14:51:39,288 - INFO -   📅 2015: 32 models collected (1.5s)
2025-08-15 14:51:40,922 - INFO -   📅 2016: 40 models collected (1.6s)
2025-08-15 14:51:42,539 - INFO -   📅 2017: 40 models collected (1.6s)
2025-08-15 14:51:43,977 - INFO -     📊 Progress: 4000 vehicles collected so far...
2025-08-15 14:51:44,310 - INFO -   📅 2018: 41 models collected (1.8s)
2025-08-15 14:51:46,297 - INFO -   📅 2019: 45 models collected (2.0s)
2025-08-15 14:51:46,297 - INFO - ✅ CHEVROLET complete: 798 vehicles (48.6s)
2025-08-15 14:51:46,297 - INFO - 🎯 MILESTONE: 4073 vehicles collected!
2025-08-15 14:51:46,297 - INFO - 🔧 Processing: MAZDA
2025-08-15 14:51:47,433 - INFO -   📅 2000: 7 models collected (1.1s)
2025-08-15 14:51:48,619 - INFO -   📅 2001: 7 models collected (1.2s)
2025-08-15 14:51:49,800 - INFO -   📅 2002: 7 models collected (1.2s)
2025-08-15 14:51:51,059 - INFO -     📊 Progress: 4100 vehicles collected so far...
2025-08-15 14:51:51,059 - INFO -   📅 2003: 6 models collected (1.3s)
2025-08-15 14:51:52,341 - INFO -   📅 2004: 12 models collected (1.3s)
2025-08-15 14:51:53,580 - INFO -   📅 2005: 7 models collected (1.2s)
2025-08-15 14:51:54,947 - INFO -   📅 2006: 8 models collected (1.4s)
2025-08-15 14:51:56,327 - INFO -   📅 2007: 8 models collected (1.4s)
2025-08-15 14:51:57,662 - INFO -   📅 2008: 9 models collected (1.3s)
2025-08-15 14:51:58,977 - INFO -   📅 2009: 9 models collected (1.3s)
2025-08-15 14:52:00,402 - INFO -   📅 2010: 9 models collected (1.4s)
2025-08-15 14:52:01,634 - INFO -   📅 2011: 9 models collected (1.2s)
2025-08-15 14:52:03,101 - INFO -   📅 2012: 8 models collected (1.5s)
2025-08-15 14:52:04,505 - INFO -   📅 2013: 7 models collected (1.4s)
2025-08-15 14:52:05,935 - INFO -   📅 2014: 7 models collected (1.4s)
2025-08-15 14:52:07,268 - INFO -     📊 Progress: 4200 vehicles collected so far...
2025-08-15 14:52:07,268 - INFO -   📅 2015: 7 models collected (1.3s)
2025-08-15 14:52:08,494 - INFO -   📅 2016: 7 models collected (1.2s)
2025-08-15 14:52:09,948 - INFO -   📅 2017: 7 models collected (1.5s)
2025-08-15 14:52:11,257 - INFO -   📅 2018: 7 models collected (1.3s)
2025-08-15 14:52:12,691 - INFO -   📅 2019: 7 models collected (1.4s)
2025-08-15 14:52:12,691 - INFO - ✅ MAZDA complete: 155 vehicles (26.4s)
2025-08-15 14:52:12,691 - INFO - 🎯 MILESTONE: 4228 vehicles collected!
2025-08-15 14:52:12,691 - INFO - 🔧 Processing: HONDA
2025-08-15 14:52:15,055 - INFO -     📊 Progress: 4300 vehicles collected so far...
2025-08-15 14:52:16,752 - INFO -     📊 Progress: 4400 vehicles collected so far...
2025-08-15 14:52:16,902 - INFO -   📅 2000: 180 models collected (4.2s)
2025-08-15 14:52:19,713 - INFO -     📊 Progress: 4500 vehicles collected so far...
2025-08-15 14:52:21,144 - INFO -   📅 2001: 178 models collected (4.2s)
2025-08-15 14:52:22,576 - INFO -     📊 Progress: 4600 vehicles collected so far...
2025-08-15 14:52:24,324 - INFO -     📊 Progress: 4700 vehicles collected so far...
2025-08-15 14:52:25,438 - INFO -   📅 2002: 180 models collected (4.3s)
2025-08-15 14:52:27,181 - INFO -     📊 Progress: 4800 vehicles collected so far...
2025-08-15 14:52:28,908 - INFO -     📊 Progress: 4900 vehicles collected so far...
2025-08-15 14:52:29,797 - INFO -   📅 2003: 186 models collected (4.4s)
2025-08-15 14:52:31,725 - INFO -     📊 Progress: 5000 vehicles collected so far...
2025-08-15 14:52:33,412 - INFO -     📊 Progress: 5100 vehicles collected so far...
2025-08-15 14:52:33,958 - INFO -   📅 2004: 179 models collected (4.2s)
2025-08-15 14:52:36,340 - INFO -     📊 Progress: 5200 vehicles collected so far...
2025-08-15 14:52:38,000 - INFO -     📊 Progress: 5300 vehicles collected so far...
2025-08-15 14:52:38,169 - INFO -   📅 2005: 178 models collected (4.2s)
2025-08-15 14:52:40,973 - INFO -     📊 Progress: 5400 vehicles collected so far...
2025-08-15 14:52:42,379 - INFO -   📅 2006: 173 models collected (4.2s)
2025-08-15 14:52:43,880 - INFO -     📊 Progress: 5500 vehicles collected so far...
2025-08-15 14:52:45,644 - INFO -     📊 Progress: 5600 vehicles collected so far...
2025-08-15 14:52:46,488 - INFO -   📅 2007: 167 models collected (4.1s)
2025-08-15 14:52:48,514 - INFO -     📊 Progress: 5700 vehicles collected so far...
2025-08-15 14:52:50,229 - INFO -     📊 Progress: 5800 vehicles collected so far...
2025-08-15 14:52:50,473 - INFO -   📅 2008: 164 models collected (4.0s)
2025-08-15 14:52:53,189 - INFO -     📊 Progress: 5900 vehicles collected so far...
2025-08-15 14:52:53,574 - INFO -   📅 2009: 108 models collected (3.1s)
2025-08-15 14:52:56,026 - INFO -     📊 Progress: 6000 vehicles collected so far...
2025-08-15 14:52:56,326 - INFO -   📅 2010: 96 models collected (2.8s)
2025-08-15 14:52:58,979 - INFO -     📊 Progress: 6100 vehicles collected so far...
2025-08-15 14:52:59,460 - INFO -   📅 2011: 109 models collected (3.1s)
2025-08-15 14:53:01,989 - INFO -     📊 Progress: 6200 vehicles collected so far...
2025-08-15 14:53:02,593 - INFO -   📅 2012: 107 models collected (3.1s)
2025-08-15 14:53:04,948 - INFO -     📊 Progress: 6300 vehicles collected so far...
2025-08-15 14:53:05,755 - INFO -   📅 2013: 111 models collected (3.2s)
2025-08-15 14:53:07,940 - INFO -     📊 Progress: 6400 vehicles collected so far...
2025-08-15 14:53:09,076 - INFO -   📅 2014: 119 models collected (3.3s)
2025-08-15 14:53:10,980 - INFO -     📊 Progress: 6500 vehicles collected so far...
2025-08-15 14:53:12,102 - INFO -   📅 2015: 99 models collected (3.0s)
2025-08-15 14:53:13,971 - INFO -     📊 Progress: 6600 vehicles collected so far...
2025-08-15 14:53:15,457 - INFO -   📅 2016: 121 models collected (3.4s)
2025-08-15 14:53:16,857 - INFO -     📊 Progress: 6700 vehicles collected so far...
2025-08-15 14:53:18,662 - INFO -     📊 Progress: 6800 vehicles collected so far...
2025-08-15 14:53:18,756 - INFO -   📅 2017: 122 models collected (3.3s)
2025-08-15 14:53:21,586 - INFO -     📊 Progress: 6900 vehicles collected so far...
2025-08-15 14:53:22,198 - INFO -   📅 2018: 128 models collected (3.4s)
2025-08-15 14:53:24,675 - INFO -     📊 Progress: 7000 vehicles collected so far...
2025-08-15 14:53:25,890 - INFO -   📅 2019: 135 models collected (3.7s)
2025-08-15 14:53:25,890 - INFO - ✅ HONDA complete: 2840 vehicles (73.2s)
2025-08-15 14:53:25,890 - INFO - 🎯 MILESTONE: 7068 vehicles collected!
2025-08-15 14:53:25,890 - INFO - 🔧 Processing: ACURA
2025-08-15 14:53:27,652 - INFO -   📅 2000: 4 models collected (1.8s)
2025-08-15 14:53:30,097 - INFO -   📅 2001: 6 models collected (2.4s)
2025-08-15 14:53:32,227 - INFO -   📅 2002: 6 models collected (2.1s)
2025-08-15 14:53:34,273 - INFO -   📅 2003: 6 models collected (2.0s)
2025-08-15 14:53:35,504 - INFO -   📅 2004: 6 models collected (1.2s)
2025-08-15 14:53:36,701 - INFO -     📊 Progress: 7100 vehicles collected so far...
2025-08-15 14:53:36,729 - INFO -   📅 2005: 6 models collected (1.2s)
2025-08-15 14:53:38,195 - INFO -   📅 2006: 5 models collected (1.5s)
2025-08-15 14:53:39,376 - INFO -   📅 2007: 5 models collected (1.2s)
2025-08-15 14:53:40,716 - INFO -   📅 2008: 5 models collected (1.3s)
2025-08-15 14:53:42,043 - INFO -   📅 2009: 5 models collected (1.3s)
2025-08-15 14:53:43,263 - INFO -   📅 2010: 6 models collected (1.2s)
2025-08-15 14:53:44,627 - INFO -   📅 2011: 6 models collected (1.4s)
2025-08-15 14:53:46,071 - INFO -   📅 2012: 6 models collected (1.4s)
2025-08-15 14:53:47,377 - INFO -   📅 2013: 6 models collected (1.3s)
2025-08-15 14:53:48,553 - INFO -   📅 2014: 6 models collected (1.2s)
2025-08-15 14:53:49,752 - INFO -   📅 2015: 5 models collected (1.2s)
2025-08-15 14:53:51,102 - INFO -   📅 2016: 6 models collected (1.3s)
2025-08-15 14:53:52,296 - INFO -   📅 2017: 6 models collected (1.2s)
2025-08-15 14:53:53,521 - INFO -   📅 2018: 6 models collected (1.2s)
2025-08-15 14:53:54,847 - INFO -   📅 2019: 6 models collected (1.3s)
2025-08-15 14:53:54,847 - INFO - ✅ ACURA complete: 113 vehicles (29.0s)
2025-08-15 14:53:54,847 - INFO - 🎯 MILESTONE: 7181 vehicles collected!
2025-08-15 14:53:54,847 - INFO - 🔧 Processing: NISSAN
2025-08-15 14:53:56,188 - INFO -   📅 2000: 15 models collected (1.3s)
2025-08-15 14:53:57,309 - INFO -     📊 Progress: 7200 vehicles collected so far...
2025-08-15 14:53:57,405 - INFO -   📅 2001: 15 models collected (1.2s)
2025-08-15 14:53:58,815 - INFO -   📅 2002: 22 models collected (1.4s)
2025-08-15 14:54:00,084 - INFO -   📅 2003: 22 models collected (1.3s)
2025-08-15 14:54:01,353 - INFO -   📅 2004: 24 models collected (1.3s)
2025-08-15 14:54:02,707 - INFO -   📅 2005: 17 models collected (1.4s)
2025-08-15 14:54:04,018 - INFO -     📊 Progress: 7300 vehicles collected so far...
2025-08-15 14:54:04,145 - INFO -   📅 2006: 17 models collected (1.4s)
2025-08-15 14:54:05,424 - INFO -   📅 2007: 17 models collected (1.3s)
2025-08-15 14:54:06,765 - INFO -   📅 2008: 17 models collected (1.3s)
2025-08-15 14:54:08,069 - INFO -   📅 2009: 24 models collected (1.3s)
2025-08-15 14:54:09,690 - INFO -   📅 2010: 21 models collected (1.6s)
2025-08-15 14:54:10,792 - INFO -     📊 Progress: 7400 vehicles collected so far...
2025-08-15 14:54:10,971 - INFO -   📅 2011: 26 models collected (1.3s)
2025-08-15 14:54:12,413 - INFO -   📅 2012: 26 models collected (1.4s)
2025-08-15 14:54:13,949 - INFO -   📅 2013: 27 models collected (1.5s)
2025-08-15 14:54:15,297 - INFO -     📊 Progress: 7500 vehicles collected so far...
2025-08-15 14:54:15,321 - INFO -   📅 2014: 31 models collected (1.4s)
2025-08-15 14:54:16,724 - INFO -   📅 2015: 27 models collected (1.4s)
2025-08-15 14:54:18,134 - INFO -   📅 2016: 27 models collected (1.4s)
2025-08-15 14:54:19,444 - INFO -   📅 2017: 30 models collected (1.3s)
2025-08-15 14:54:20,768 - INFO -     📊 Progress: 7600 vehicles collected so far...
2025-08-15 14:54:20,922 - INFO -   📅 2018: 31 models collected (1.5s)
2025-08-15 14:54:22,360 - INFO -   📅 2019: 30 models collected (1.4s)
2025-08-15 14:54:22,360 - INFO - ✅ NISSAN complete: 466 vehicles (27.5s)
2025-08-15 14:54:22,360 - INFO - 🎯 MILESTONE: 7647 vehicles collected!
2025-08-15 14:54:22,360 - INFO - 🔧 Processing: INFINITI
2025-08-15 14:54:23,583 - INFO -   📅 2000: 7 models collected (1.2s)
2025-08-15 14:54:24,828 - INFO -   📅 2001: 7 models collected (1.2s)
2025-08-15 14:54:26,157 - INFO -   📅 2002: 4 models collected (1.3s)
2025-08-15 14:54:27,443 - INFO -   📅 2003: 11 models collected (1.3s)
2025-08-15 14:54:28,750 - INFO -   📅 2004: 11 models collected (1.3s)
2025-08-15 14:54:30,098 - INFO -   📅 2005: 7 models collected (1.3s)
2025-08-15 14:54:31,272 - INFO -     📊 Progress: 7700 vehicles collected so far...
2025-08-15 14:54:31,321 - INFO -   📅 2006: 11 models collected (1.2s)
2025-08-15 14:54:32,555 - INFO -   📅 2007: 11 models collected (1.2s)
2025-08-15 14:54:33,786 - INFO -   📅 2008: 13 models collected (1.2s)
2025-08-15 14:54:35,123 - INFO -   📅 2009: 13 models collected (1.3s)
2025-08-15 14:54:36,429 - INFO -   📅 2010: 11 models collected (1.3s)
2025-08-15 14:54:37,782 - INFO -   📅 2011: 12 models collected (1.4s)
2025-08-15 14:54:38,992 - INFO -   📅 2012: 15 models collected (1.2s)
2025-08-15 14:54:40,248 - INFO -   📅 2013: 14 models collected (1.3s)
2025-08-15 14:54:41,506 - INFO -     📊 Progress: 7800 vehicles collected so far...
2025-08-15 14:54:41,555 - INFO -   📅 2014: 11 models collected (1.3s)
2025-08-15 14:54:42,849 - INFO -   📅 2015: 15 models collected (1.3s)
2025-08-15 14:54:44,139 - INFO -   📅 2016: 13 models collected (1.3s)
2025-08-15 14:54:45,675 - INFO -   📅 2017: 15 models collected (1.5s)
2025-08-15 14:54:47,009 - INFO -   📅 2018: 13 models collected (1.3s)
2025-08-15 14:54:48,432 - INFO -   📅 2019: 13 models collected (1.4s)
2025-08-15 14:54:48,433 - INFO - ✅ INFINITI complete: 227 vehicles (26.1s)
2025-08-15 14:54:48,433 - INFO - 🎯 MILESTONE: 7874 vehicles collected!
2025-08-15 14:54:48,433 - INFO - 🔧 Processing: MITSUBISHI
2025-08-15 14:54:49,988 - INFO -   📅 2000: 15 models collected (1.6s)
2025-08-15 14:54:51,215 - INFO -     📊 Progress: 7900 vehicles collected so far...
2025-08-15 14:54:51,325 - INFO -   📅 2001: 23 models collected (1.3s)
2025-08-15 14:54:53,071 - INFO -   📅 2002: 28 models collected (1.7s)
2025-08-15 14:54:54,811 - INFO -   📅 2003: 30 models collected (1.7s)
2025-08-15 14:54:56,523 - INFO -     📊 Progress: 8000 vehicles collected so far...
2025-08-15 14:54:56,541 - INFO -   📅 2004: 32 models collected (1.7s)
2025-08-15 14:54:58,129 - INFO -   📅 2005: 32 models collected (1.6s)
2025-08-15 14:54:59,722 - INFO -   📅 2006: 39 models collected (1.6s)
2025-08-15 14:55:01,189 - INFO -     📊 Progress: 8100 vehicles collected so far...
2025-08-15 14:55:01,298 - INFO -   📅 2007: 39 models collected (1.6s)
2025-08-15 14:55:03,043 - INFO -   📅 2008: 39 models collected (1.7s)
2025-08-15 14:55:04,719 - INFO -   📅 2009: 40 models collected (1.7s)
2025-08-15 14:55:06,030 - INFO -     📊 Progress: 8200 vehicles collected so far...
2025-08-15 14:55:06,436 - INFO -   📅 2010: 42 models collected (1.7s)
2025-08-15 14:55:08,468 - INFO -   📅 2011: 46 models collected (2.0s)
2025-08-15 14:55:10,068 - INFO -     📊 Progress: 8300 vehicles collected so far...
2025-08-15 14:55:10,334 - INFO -   📅 2012: 46 models collected (1.9s)
2025-08-15 14:55:11,986 - INFO -   📅 2013: 44 models collected (1.7s)
2025-08-15 14:55:13,557 - INFO -     📊 Progress: 8400 vehicles collected so far...
2025-08-15 14:55:13,683 - INFO -   📅 2014: 45 models collected (1.7s)
2025-08-15 14:55:15,478 - INFO -   📅 2015: 47 models collected (1.8s)
2025-08-15 14:55:17,145 - INFO -     📊 Progress: 8500 vehicles collected so far...
2025-08-15 14:55:17,199 - INFO -   📅 2016: 46 models collected (1.7s)
2025-08-15 14:55:19,174 - INFO -   📅 2017: 48 models collected (2.0s)
2025-08-15 14:55:21,047 - INFO -     📊 Progress: 8600 vehicles collected so far...
2025-08-15 14:55:21,064 - INFO -   📅 2018: 47 models collected (1.9s)
2025-08-15 14:55:23,088 - INFO -   📅 2019: 50 models collected (2.0s)
2025-08-15 14:55:23,088 - INFO - ✅ MITSUBISHI complete: 778 vehicles (34.7s)
2025-08-15 14:55:23,088 - INFO - 🎯 MILESTONE: 8652 vehicles collected!
2025-08-15 14:55:23,088 - INFO - 🔧 Processing: VOLKSWAGEN
2025-08-15 14:55:24,359 - INFO -   📅 2000: 21 models collected (1.3s)
2025-08-15 14:55:25,635 - INFO -   📅 2001: 24 models collected (1.3s)
2025-08-15 14:55:26,772 - INFO -     📊 Progress: 8700 vehicles collected so far...
2025-08-15 14:55:26,851 - INFO -   📅 2002: 24 models collected (1.2s)
2025-08-15 14:55:28,036 - INFO -   📅 2003: 21 models collected (1.2s)
2025-08-15 14:55:29,234 - INFO -   📅 2004: 17 models collected (1.2s)
2025-08-15 14:55:30,551 - INFO -   📅 2005: 16 models collected (1.3s)
2025-08-15 14:55:31,724 - INFO -   📅 2006: 18 models collected (1.2s)
2025-08-15 14:55:32,939 - INFO -     📊 Progress: 8800 vehicles collected so far...
2025-08-15 14:55:32,975 - INFO -   📅 2007: 14 models collected (1.3s)
2025-08-15 14:55:34,317 - INFO -   📅 2008: 13 models collected (1.3s)
2025-08-15 14:55:35,591 - INFO -   📅 2009: 11 models collected (1.3s)
2025-08-15 14:55:36,820 - INFO -   📅 2010: 10 models collected (1.2s)
2025-08-15 14:55:38,114 - INFO -   📅 2011: 9 models collected (1.3s)
2025-08-15 14:55:39,458 - INFO -   📅 2012: 13 models collected (1.3s)
2025-08-15 14:55:40,760 - INFO -   📅 2013: 13 models collected (1.3s)
2025-08-15 14:55:42,011 - INFO -   📅 2014: 13 models collected (1.3s)
2025-08-15 14:55:43,337 - INFO -     📊 Progress: 8900 vehicles collected so far...
2025-08-15 14:55:43,337 - INFO -   📅 2015: 11 models collected (1.3s)
2025-08-15 14:55:44,623 - INFO -   📅 2016: 12 models collected (1.3s)
2025-08-15 14:55:46,047 - INFO -   📅 2017: 12 models collected (1.4s)
2025-08-15 14:55:47,402 - INFO -   📅 2018: 14 models collected (1.4s)
2025-08-15 14:55:48,879 - INFO -   📅 2019: 12 models collected (1.5s)
2025-08-15 14:55:48,879 - INFO - ✅ VOLKSWAGEN complete: 298 vehicles (25.8s)
2025-08-15 14:55:48,879 - INFO - 🎯 MILESTONE: 8950 vehicles collected!
2025-08-15 14:55:48,879 - INFO - 🔧 Processing: VOLVO
2025-08-15 14:55:50,597 - INFO -     📊 Progress: 9000 vehicles collected so far...
2025-08-15 14:55:50,759 - INFO -   📅 2000: 66 models collected (1.9s)
2025-08-15 14:55:53,068 - INFO -   📅 2001: 67 models collected (2.3s)
2025-08-15 14:55:54,449 - INFO -     📊 Progress: 9100 vehicles collected so far...
2025-08-15 14:55:54,972 - INFO -   📅 2002: 69 models collected (1.9s)
2025-08-15 14:55:56,579 - INFO -     📊 Progress: 9200 vehicles collected so far...
2025-08-15 14:55:56,783 - INFO -   📅 2003: 68 models collected (1.8s)
2025-08-15 14:55:58,985 - INFO -   📅 2004: 69 models collected (2.2s)
2025-08-15 14:56:00,463 - INFO -     📊 Progress: 9300 vehicles collected so far...
2025-08-15 14:56:01,060 - INFO -   📅 2005: 70 models collected (2.1s)
2025-08-15 14:56:02,736 - INFO -     📊 Progress: 9400 vehicles collected so far...
2025-08-15 14:56:03,117 - INFO -   📅 2006: 79 models collected (2.1s)
2025-08-15 14:56:04,915 - INFO -     📊 Progress: 9500 vehicles collected so far...
2025-08-15 14:56:05,098 - INFO -   📅 2007: 81 models collected (2.0s)
2025-08-15 14:56:07,049 - INFO -     📊 Progress: 9600 vehicles collected so far...
2025-08-15 14:56:07,049 - INFO -   📅 2008: 81 models collected (2.0s)
2025-08-15 14:56:09,078 - INFO -   📅 2009: 81 models collected (2.0s)
2025-08-15 14:56:10,449 - INFO -     📊 Progress: 9700 vehicles collected so far...
2025-08-15 14:56:11,079 - INFO -   📅 2010: 81 models collected (2.0s)
2025-08-15 14:56:12,740 - INFO -     📊 Progress: 9800 vehicles collected so far...
2025-08-15 14:56:13,163 - INFO -   📅 2011: 81 models collected (2.1s)
2025-08-15 14:56:15,077 - INFO -     📊 Progress: 9900 vehicles collected so far...
2025-08-15 14:56:15,320 - INFO -   📅 2012: 81 models collected (2.2s)
2025-08-15 14:56:17,322 - INFO -     📊 Progress: 10000 vehicles collected so far...
2025-08-15 14:56:17,382 - INFO -   📅 2013: 82 models collected (2.1s)
2025-08-15 14:56:19,522 - INFO -   📅 2014: 78 models collected (2.1s)
2025-08-15 14:56:20,981 - INFO -     📊 Progress: 10100 vehicles collected so far...
2025-08-15 14:56:21,636 - INFO -   📅 2015: 80 models collected (2.1s)
2025-08-15 14:56:23,349 - INFO -     📊 Progress: 10200 vehicles collected so far...
2025-08-15 14:56:24,152 - INFO -   📅 2016: 103 models collected (2.5s)
2025-08-15 14:56:25,608 - INFO -     📊 Progress: 10300 vehicles collected so far...
2025-08-15 14:56:26,519 - INFO -   📅 2017: 105 models collected (2.4s)
2025-08-15 14:56:27,890 - INFO -     📊 Progress: 10400 vehicles collected so far...
2025-08-15 14:56:28,866 - INFO -   📅 2018: 105 models collected (2.3s)
2025-08-15 14:56:30,598 - INFO -     📊 Progress: 10500 vehicles collected so far...
2025-08-15 14:56:31,562 - INFO -   📅 2019: 98 models collected (2.7s)
2025-08-15 14:56:31,562 - INFO - ✅ VOLVO complete: 1625 vehicles (42.7s)
2025-08-15 14:56:31,562 - INFO - 🎯 MILESTONE: 10575 vehicles collected!
2025-08-15 14:56:31,562 - INFO - 🔧 Processing: HYUNDAI
2025-08-15 14:56:32,860 - INFO -   📅 2000: 6 models collected (1.3s)
2025-08-15 14:56:34,219 - INFO -   📅 2001: 9 models collected (1.4s)
2025-08-15 14:56:35,453 - INFO -   📅 2002: 8 models collected (1.2s)
2025-08-15 14:56:36,595 - INFO -     📊 Progress: 10600 vehicles collected so far...
2025-08-15 14:56:36,675 - INFO -   📅 2003: 8 models collected (1.2s)
2025-08-15 14:56:38,071 - INFO -   📅 2004: 14 models collected (1.4s)
2025-08-15 14:56:39,509 - INFO -   📅 2005: 16 models collected (1.4s)
2025-08-15 14:56:40,897 - INFO -   📅 2006: 10 models collected (1.4s)
2025-08-15 14:56:42,642 - INFO -   📅 2007: 19 models collected (1.7s)
2025-08-15 14:56:44,093 - INFO -   📅 2008: 11 models collected (1.5s)
2025-08-15 14:56:45,327 - INFO -   📅 2009: 11 models collected (1.2s)
2025-08-15 14:56:46,677 - INFO -     📊 Progress: 10700 vehicles collected so far...
2025-08-15 14:56:46,678 - INFO -   📅 2010: 13 models collected (1.4s)
2025-08-15 14:56:48,100 - INFO -   📅 2011: 13 models collected (1.4s)
2025-08-15 14:56:49,435 - INFO -   📅 2012: 14 models collected (1.3s)
2025-08-15 14:56:50,891 - INFO -   📅 2013: 15 models collected (1.5s)
2025-08-15 14:56:52,208 - INFO -   📅 2014: 14 models collected (1.3s)
2025-08-15 14:56:53,552 - INFO -   📅 2015: 13 models collected (1.3s)
2025-08-15 14:56:54,912 - INFO -   📅 2016: 13 models collected (1.4s)
2025-08-15 14:56:56,277 - INFO -   📅 2017: 12 models collected (1.4s)
2025-08-15 14:56:57,790 - INFO -     📊 Progress: 10800 vehicles collected so far...
2025-08-15 14:56:57,881 - INFO -   📅 2018: 13 models collected (1.6s)
2025-08-15 14:56:59,267 - INFO -   📅 2019: 14 models collected (1.4s)
2025-08-15 14:56:59,267 - INFO - ✅ HYUNDAI complete: 246 vehicles (27.7s)
2025-08-15 14:56:59,267 - INFO - 🎯 MILESTONE: 10821 vehicles collected!
2025-08-15 14:56:59,268 - INFO - 🔧 Processing: KIA
2025-08-15 14:57:00,442 - INFO -   📅 2000: 4 models collected (1.2s)
2025-08-15 14:57:01,684 - INFO -   📅 2001: 8 models collected (1.2s)
2025-08-15 14:57:02,965 - INFO -   📅 2002: 7 models collected (1.3s)
2025-08-15 14:57:04,192 - INFO -   📅 2003: 7 models collected (1.2s)
2025-08-15 14:57:05,397 - INFO -   📅 2004: 15 models collected (1.2s)
2025-08-15 14:57:06,677 - INFO -   📅 2005: 15 models collected (1.3s)
2025-08-15 14:57:07,909 - INFO -   📅 2006: 15 models collected (1.2s)
2025-08-15 14:57:09,257 - INFO -     📊 Progress: 10900 vehicles collected so far...
2025-08-15 14:57:09,278 - INFO -   📅 2007: 9 models collected (1.4s)
2025-08-15 14:57:10,795 - INFO -   📅 2008: 17 models collected (1.5s)
2025-08-15 14:57:12,138 - INFO -   📅 2009: 19 models collected (1.3s)
2025-08-15 14:57:13,322 - INFO -   📅 2010: 9 models collected (1.2s)
2025-08-15 14:57:14,678 - INFO -   📅 2011: 10 models collected (1.4s)
2025-08-15 14:57:15,911 - INFO -   📅 2012: 9 models collected (1.2s)
2025-08-15 14:57:17,300 - INFO -   📅 2013: 9 models collected (1.4s)
2025-08-15 14:57:18,589 - INFO -   📅 2014: 10 models collected (1.3s)
2025-08-15 14:57:19,909 - INFO -   📅 2015: 11 models collected (1.3s)
2025-08-15 14:57:21,095 - INFO -     📊 Progress: 11000 vehicles collected so far...
2025-08-15 14:57:21,193 - INFO -   📅 2016: 12 models collected (1.3s)
2025-08-15 14:57:22,598 - INFO -   📅 2017: 12 models collected (1.4s)
2025-08-15 14:57:23,896 - INFO -   📅 2018: 12 models collected (1.3s)
2025-08-15 14:57:25,276 - INFO -   📅 2019: 12 models collected (1.4s)
2025-08-15 14:57:25,276 - INFO - ✅ KIA complete: 222 vehicles (26.0s)
2025-08-15 14:57:25,277 - INFO - 🎯 MILESTONE: 11043 vehicles collected!
2025-08-15 14:57:25,277 - INFO - 🔧 Processing: SUZUKI
2025-08-15 14:57:27,434 - INFO -     📊 Progress: 11100 vehicles collected so far...
2025-08-15 14:57:28,810 - INFO -   📅 2000: 133 models collected (3.5s)
2025-08-15 14:57:30,548 - INFO -     📊 Progress: 11200 vehicles collected so far...
2025-08-15 14:57:32,333 - INFO -     📊 Progress: 11300 vehicles collected so far...
2025-08-15 14:57:32,518 - INFO -   📅 2001: 134 models collected (3.7s)
2025-08-15 14:57:35,297 - INFO -     📊 Progress: 11400 vehicles collected so far...
2025-08-15 14:57:36,527 - INFO -   📅 2002: 158 models collected (4.0s)
2025-08-15 14:57:38,797 - INFO -     📊 Progress: 11500 vehicles collected so far...
2025-08-15 14:57:40,615 - INFO -     📊 Progress: 11600 vehicles collected so far...
2025-08-15 14:57:41,128 - INFO -   📅 2003: 160 models collected (4.6s)
2025-08-15 14:57:43,582 - INFO -     📊 Progress: 11700 vehicles collected so far...
2025-08-15 14:57:45,392 - INFO -     📊 Progress: 11800 vehicles collected so far...
2025-08-15 14:57:45,449 - INFO -   📅 2004: 175 models collected (4.3s)
2025-08-15 14:57:48,306 - INFO -     📊 Progress: 11900 vehicles collected so far...
2025-08-15 14:57:49,428 - INFO -   📅 2005: 159 models collected (4.0s)
2025-08-15 14:57:51,268 - INFO -     📊 Progress: 12000 vehicles collected so far...
2025-08-15 14:57:53,046 - INFO -     📊 Progress: 12100 vehicles collected so far...
2025-08-15 14:57:53,377 - INFO -   📅 2006: 156 models collected (3.9s)
2025-08-15 14:57:56,042 - INFO -     📊 Progress: 12200 vehicles collected so far...
2025-08-15 14:57:57,362 - INFO -   📅 2007: 155 models collected (4.0s)
2025-08-15 14:57:58,956 - INFO -     📊 Progress: 12300 vehicles collected so far...
2025-08-15 14:58:00,742 - INFO -     📊 Progress: 12400 vehicles collected so far...
2025-08-15 14:58:01,239 - INFO -   📅 2008: 154 models collected (3.9s)
2025-08-15 14:58:03,629 - INFO -     📊 Progress: 12500 vehicles collected so far...
2025-08-15 14:58:05,023 - INFO -   📅 2009: 150 models collected (3.8s)
2025-08-15 14:58:06,657 - INFO -     📊 Progress: 12600 vehicles collected so far...
2025-08-15 14:58:08,446 - INFO -     📊 Progress: 12700 vehicles collected so far...
2025-08-15 14:58:09,032 - INFO -   📅 2010: 155 models collected (4.0s)
2025-08-15 14:58:11,479 - INFO -     📊 Progress: 12800 vehicles collected so far...
2025-08-15 14:58:13,231 - INFO -   📅 2011: 166 models collected (4.2s)
2025-08-15 14:58:14,493 - INFO -     📊 Progress: 12900 vehicles collected so far...
2025-08-15 14:58:16,257 - INFO -     📊 Progress: 13000 vehicles collected so far...
2025-08-15 14:58:17,364 - INFO -   📅 2012: 163 models collected (4.1s)
2025-08-15 14:58:19,196 - INFO -     📊 Progress: 13100 vehicles collected so far...
2025-08-15 14:58:20,976 - INFO -     📊 Progress: 13200 vehicles collected so far...
2025-08-15 14:58:21,382 - INFO -   📅 2013: 161 models collected (4.0s)
2025-08-15 14:58:23,898 - INFO -     📊 Progress: 13300 vehicles collected so far...
2025-08-15 14:58:25,368 - INFO -   📅 2014: 160 models collected (4.0s)
2025-08-15 14:58:26,865 - INFO -     📊 Progress: 13400 vehicles collected so far...
2025-08-15 14:58:28,654 - INFO -     📊 Progress: 13500 vehicles collected so far...
2025-08-15 14:58:29,443 - INFO -   📅 2015: 162 models collected (4.1s)
2025-08-15 14:58:31,767 - INFO -     📊 Progress: 13600 vehicles collected so far...
2025-08-15 14:58:33,517 - INFO -     📊 Progress: 13700 vehicles collected so far...
2025-08-15 14:58:33,827 - INFO -   📅 2016: 173 models collected (4.4s)
2025-08-15 14:58:36,509 - INFO -     📊 Progress: 13800 vehicles collected so far...
2025-08-15 14:58:38,260 - INFO -     📊 Progress: 13900 vehicles collected so far...
2025-08-15 14:58:38,277 - INFO -   📅 2017: 184 models collected (4.4s)
2025-08-15 14:58:41,545 - INFO -     📊 Progress: 14000 vehicles collected so far...
2025-08-15 14:58:43,299 - INFO -     📊 Progress: 14100 vehicles collected so far...
2025-08-15 14:58:43,299 - INFO -   📅 2018: 199 models collected (5.0s)
2025-08-15 14:58:46,322 - INFO -     📊 Progress: 14200 vehicles collected so far...
2025-08-15 14:58:48,045 - INFO -   📅 2019: 198 models collected (4.7s)
2025-08-15 14:58:48,045 - INFO - ✅ SUZUKI complete: 3255 vehicles (82.8s)
2025-08-15 14:58:48,046 - INFO - 🎯 MILESTONE: 14298 vehicles collected!
2025-08-15 14:58:48,046 - INFO - 🔧 Processing: LEXUS
2025-08-15 14:58:49,134 - INFO -     📊 Progress: 14300 vehicles collected so far...
2025-08-15 14:58:49,189 - INFO -   📅 2000: 6 models collected (1.1s)
2025-08-15 14:58:50,620 - INFO -   📅 2001: 7 models collected (1.4s)
2025-08-15 14:58:51,929 - INFO -   📅 2002: 7 models collected (1.3s)
2025-08-15 14:58:53,201 - INFO -   📅 2003: 8 models collected (1.3s)
2025-08-15 14:58:54,407 - INFO -   📅 2004: 8 models collected (1.2s)
2025-08-15 14:58:55,607 - INFO -   📅 2005: 8 models collected (1.2s)
2025-08-15 14:58:56,857 - INFO -   📅 2006: 8 models collected (1.3s)
2025-08-15 14:58:58,193 - INFO -   📅 2007: 8 models collected (1.3s)
2025-08-15 14:58:59,434 - INFO -   📅 2008: 8 models collected (1.2s)
2025-08-15 14:59:00,757 - INFO -   📅 2009: 8 models collected (1.3s)
2025-08-15 14:59:02,127 - INFO -   📅 2010: 9 models collected (1.4s)
2025-08-15 14:59:03,654 - INFO -   📅 2011: 10 models collected (1.5s)
2025-08-15 14:59:05,060 - INFO -     📊 Progress: 14400 vehicles collected so far...
2025-08-15 14:59:05,114 - INFO -   📅 2012: 11 models collected (1.5s)
2025-08-15 14:59:06,427 - INFO -   📅 2013: 10 models collected (1.3s)
2025-08-15 14:59:07,944 - INFO -   📅 2014: 9 models collected (1.5s)
2025-08-15 14:59:09,304 - INFO -   📅 2015: 11 models collected (1.4s)
2025-08-15 14:59:10,938 - INFO -   📅 2016: 11 models collected (1.6s)
2025-08-15 14:59:12,589 - INFO -   📅 2017: 11 models collected (1.7s)
2025-08-15 14:59:13,945 - INFO -   📅 2018: 11 models collected (1.4s)
2025-08-15 14:59:15,214 - INFO -   📅 2019: 12 models collected (1.3s)
2025-08-15 14:59:15,214 - INFO - ✅ LEXUS complete: 181 vehicles (27.2s)
2025-08-15 14:59:15,214 - INFO - 🎯 MILESTONE: 14479 vehicles collected!
2025-08-15 14:59:15,214 - INFO - 🔧 Processing: SUBARU
2025-08-15 14:59:16,554 - INFO -   📅 2000: 3 models collected (1.3s)
2025-08-15 14:59:17,678 - INFO -   📅 2001: 3 models collected (1.1s)
2025-08-15 14:59:18,793 - INFO -   📅 2002: 3 models collected (1.1s)
2025-08-15 14:59:20,151 - INFO -   📅 2003: 4 models collected (1.4s)
2025-08-15 14:59:21,889 - INFO -   📅 2004: 4 models collected (1.7s)
2025-08-15 14:59:22,997 - INFO -     📊 Progress: 14500 vehicles collected so far...
2025-08-15 14:59:23,010 - INFO -   📅 2005: 5 models collected (1.1s)
2025-08-15 14:59:24,264 - INFO -   📅 2006: 6 models collected (1.3s)
2025-08-15 14:59:25,487 - INFO -   📅 2007: 5 models collected (1.2s)
2025-08-15 14:59:26,716 - INFO -   📅 2008: 5 models collected (1.2s)
2025-08-15 14:59:28,066 - INFO -   📅 2009: 5 models collected (1.4s)
2025-08-15 14:59:29,283 - INFO -   📅 2010: 5 models collected (1.2s)
2025-08-15 14:59:30,514 - INFO -   📅 2011: 5 models collected (1.2s)
2025-08-15 14:59:31,812 - INFO -   📅 2012: 6 models collected (1.3s)
2025-08-15 14:59:33,189 - INFO -   📅 2013: 7 models collected (1.4s)
2025-08-15 14:59:34,411 - INFO -   📅 2014: 7 models collected (1.2s)
2025-08-15 14:59:35,580 - INFO -   📅 2015: 9 models collected (1.2s)
2025-08-15 14:59:36,873 - INFO -   📅 2016: 7 models collected (1.3s)
2025-08-15 14:59:38,098 - INFO -   📅 2017: 7 models collected (1.2s)
2025-08-15 14:59:39,440 - INFO -   📅 2018: 7 models collected (1.3s)
2025-08-15 14:59:40,683 - INFO -   📅 2019: 8 models collected (1.2s)
2025-08-15 14:59:40,683 - INFO - ✅ SUBARU complete: 111 vehicles (25.5s)
2025-08-15 14:59:40,683 - INFO - 🎯 MILESTONE: 14590 vehicles collected!
2025-08-15 14:59:40,683 - INFO - 🔧 Processing: ISUZU
2025-08-15 14:59:42,026 - INFO -     📊 Progress: 14600 vehicles collected so far...
2025-08-15 14:59:42,068 - INFO -   📅 2000: 14 models collected (1.4s)
2025-08-15 14:59:43,512 - INFO -   📅 2001: 13 models collected (1.4s)
2025-08-15 14:59:44,969 - INFO -   📅 2002: 14 models collected (1.5s)
2025-08-15 14:59:46,494 - INFO -   📅 2003: 15 models collected (1.5s)
2025-08-15 14:59:48,350 - INFO -   📅 2004: 15 models collected (1.9s)
2025-08-15 14:59:49,629 - INFO -   📅 2005: 13 models collected (1.3s)
2025-08-15 14:59:50,880 - INFO -   📅 2006: 15 models collected (1.3s)
2025-08-15 14:59:52,118 - INFO -     📊 Progress: 14700 vehicles collected so far...
2025-08-15 14:59:52,163 - INFO -   📅 2007: 15 models collected (1.3s)
2025-08-15 14:59:53,589 - INFO -   📅 2008: 15 models collected (1.4s)
2025-08-15 14:59:54,933 - INFO -   📅 2009: 11 models collected (1.3s)
2025-08-15 14:59:56,347 - INFO -   📅 2010: 11 models collected (1.4s)
2025-08-15 14:59:57,535 - INFO -   📅 2011: 2 models collected (1.2s)
2025-08-15 14:59:58,847 - INFO -   📅 2012: 2 models collected (1.3s)
2025-08-15 15:00:00,013 - INFO -   📅 2013: 2 models collected (1.2s)
2025-08-15 15:00:01,200 - INFO -   📅 2014: 2 models collected (1.2s)
2025-08-15 15:00:02,434 - INFO -   📅 2015: 2 models collected (1.2s)
2025-08-15 15:00:03,740 - INFO -   📅 2016: 7 models collected (1.3s)
2025-08-15 15:00:05,306 - INFO -   📅 2017: 8 models collected (1.6s)
2025-08-15 15:00:06,811 - INFO -   📅 2018: 8 models collected (1.5s)
2025-08-15 15:00:08,422 - INFO -   📅 2019: 8 models collected (1.6s)
2025-08-15 15:00:08,422 - INFO - ✅ ISUZU complete: 192 vehicles (27.7s)
2025-08-15 15:00:08,422 - INFO - 🎯 MILESTONE: 14782 vehicles collected!
2025-08-15 15:00:08,422 - INFO - 🔧 Processing: AUDI
2025-08-15 15:00:09,711 - INFO -   📅 2000: 5 models collected (1.3s)
2025-08-15 15:00:10,895 - INFO -   📅 2001: 7 models collected (1.2s)
2025-08-15 15:00:12,161 - INFO -     📊 Progress: 14800 vehicles collected so far...
2025-08-15 15:00:12,233 - INFO -   📅 2002: 16 models collected (1.3s)
2025-08-15 15:00:13,443 - INFO -   📅 2003: 16 models collected (1.2s)
2025-08-15 15:00:14,744 - INFO -   📅 2004: 14 models collected (1.3s)
2025-08-15 15:00:16,149 - INFO -   📅 2005: 12 models collected (1.4s)
2025-08-15 15:00:17,425 - INFO -   📅 2006: 6 models collected (1.3s)
2025-08-15 15:00:18,765 - INFO -   📅 2007: 18 models collected (1.3s)
2025-08-15 15:00:20,188 - INFO -     📊 Progress: 14900 vehicles collected so far...
2025-08-15 15:00:20,202 - INFO -   📅 2008: 26 models collected (1.4s)
2025-08-15 15:00:21,632 - INFO -   📅 2009: 14 models collected (1.4s)
2025-08-15 15:00:22,969 - INFO -   📅 2010: 13 models collected (1.3s)
2025-08-15 15:00:24,364 - INFO -   📅 2011: 13 models collected (1.4s)
2025-08-15 15:00:25,946 - INFO -   📅 2012: 13 models collected (1.6s)
2025-08-15 15:00:27,433 - INFO -   📅 2013: 18 models collected (1.5s)
2025-08-15 15:00:28,931 - INFO -   📅 2014: 20 models collected (1.5s)
2025-08-15 15:00:30,238 - INFO -     📊 Progress: 15000 vehicles collected so far...
2025-08-15 15:00:30,459 - INFO -   📅 2015: 22 models collected (1.5s)
2025-08-15 15:00:32,067 - INFO -   📅 2016: 20 models collected (1.6s)
2025-08-15 15:00:33,602 - INFO -   📅 2017: 21 models collected (1.5s)
2025-08-15 15:00:35,196 - INFO -   📅 2018: 24 models collected (1.6s)
2025-08-15 15:00:36,655 - INFO -     📊 Progress: 15100 vehicles collected so far...
2025-08-15 15:00:36,668 - INFO -   📅 2019: 21 models collected (1.5s)
2025-08-15 15:00:36,668 - INFO - ✅ AUDI complete: 319 vehicles (28.2s)
2025-08-15 15:00:36,668 - INFO - 🎯 MILESTONE: 15101 vehicles collected!
2025-08-15 15:00:36,668 - INFO - 🔧 Processing: PEUGEOT
2025-08-15 15:00:38,234 - INFO -   📅 2000: 2 models collected (1.6s)
2025-08-15 15:00:39,523 - INFO -   📅 2001: 6 models collected (1.3s)
2025-08-15 15:00:40,738 - INFO -   📅 2002: 6 models collected (1.2s)
2025-08-15 15:00:42,059 - INFO -   📅 2003: 6 models collected (1.3s)
2025-08-15 15:00:43,440 - INFO -   📅 2004: 6 models collected (1.4s)
2025-08-15 15:00:44,873 - INFO -   📅 2005: 6 models collected (1.4s)
2025-08-15 15:00:46,303 - INFO -   📅 2006: 6 models collected (1.4s)
2025-08-15 15:00:47,538 - INFO -   📅 2007: 6 models collected (1.2s)
2025-08-15 15:00:48,773 - INFO -   📅 2008: 6 models collected (1.2s)
2025-08-15 15:00:50,413 - INFO -   📅 2009: 6 models collected (1.6s)
2025-08-15 15:00:51,760 - INFO -   📅 2010: 6 models collected (1.3s)
2025-08-15 15:00:53,084 - INFO -   📅 2011: 6 models collected (1.3s)
2025-08-15 15:00:54,412 - INFO -   📅 2012: 6 models collected (1.3s)
2025-08-15 15:00:55,613 - INFO -   📅 2013: 6 models collected (1.2s)
2025-08-15 15:00:56,866 - INFO -   📅 2014: 6 models collected (1.3s)
2025-08-15 15:00:58,191 - INFO -   📅 2015: 6 models collected (1.3s)
2025-08-15 15:00:59,410 - INFO -   📅 2016: 6 models collected (1.2s)
2025-08-15 15:01:00,622 - INFO -     📊 Progress: 15200 vehicles collected so far...
2025-08-15 15:01:00,708 - INFO -   📅 2017: 6 models collected (1.3s)
2025-08-15 15:01:02,090 - INFO -   📅 2018: 6 models collected (1.4s)
2025-08-15 15:01:03,426 - INFO -   📅 2019: 6 models collected (1.3s)
2025-08-15 15:01:03,426 - INFO - ✅ PEUGEOT complete: 116 vehicles (26.8s)
2025-08-15 15:01:03,426 - INFO - 🎯 MILESTONE: 15217 vehicles collected!
2025-08-15 15:01:03,426 - INFO - 🔧 Processing: RENAULT
2025-08-15 15:01:44,721 - INFO - ✅ RENAULT complete: 0 vehicles (41.3s)
2025-08-15 15:01:44,722 - INFO - 🎯 MILESTONE: 15217 vehicles collected!
2025-08-15 15:01:44,722 - INFO - 🎉 MASSIVE COLLECTION COMPLETE!
2025-08-15 15:01:44,722 - INFO - 📊 Total vehicles: 15217
2025-08-15 15:01:44,723 - INFO - 📈 Make-year combinations processed: 460
2025-08-15 15:01:44,723 - INFO - ✨ Target achieved: YES (6000+ goal)
2025-08-15 15:01:44,733 - INFO - 
📋 Vehicles by make:
2025-08-15 15:01:44,733 - INFO -   SUZUKI: 3255 vehicles
2025-08-15 15:01:44,733 - INFO -   HONDA: 2840 vehicles
2025-08-15 15:01:44,733 - INFO -   VOLVO: 1625 vehicles
2025-08-15 15:01:44,733 - INFO -   BMW: 1112 vehicles
2025-08-15 15:01:44,733 - INFO -   FORD: 1071 vehicles
2025-08-15 15:01:44,733 - INFO -   CHEVROLET: 798 vehicles
2025-08-15 15:01:44,733 - INFO -   MITSUBISHI: 778 vehicles
2025-08-15 15:01:44,733 - INFO -   MERCEDES-BENZ: 557 vehicles
2025-08-15 15:01:44,733 - INFO -   NISSAN: 466 vehicles
2025-08-15 15:01:44,733 - INFO -   TOYOTA: 437 vehicles
2025-08-15 15:01:44,733 - INFO -   AUDI: 319 vehicles
2025-08-15 15:01:44,733 - INFO -   VOLKSWAGEN: 298 vehicles
2025-08-15 15:01:44,733 - INFO -   HYUNDAI: 246 vehicles
2025-08-15 15:01:44,733 - INFO -   INFINITI: 227 vehicles
2025-08-15 15:01:44,733 - INFO -   KIA: 222 vehicles
2025-08-15 15:01:44,733 - INFO -   ISUZU: 192 vehicles
2025-08-15 15:01:44,733 - INFO -   LEXUS: 181 vehicles
2025-08-15 15:01:44,733 - INFO -   MAZDA: 155 vehicles
2025-08-15 15:01:44,733 - INFO -   PEUGEOT: 116 vehicles
2025-08-15 15:01:44,733 - INFO -   ACURA: 113 vehicles
2025-08-15 15:01:44,733 - INFO -   SUBARU: 111 vehicles
2025-08-15 15:01:44,733 - INFO -   JAGUAR: 98 vehicles
2025-08-15 15:01:44,763 - INFO - 📊 Saved: kenya_vehicle_data/kenya_vehicles_20250815_150144.csv
2025-08-15 15:01:44,763 - INFO - 📈 Records: 15217
