2025-08-15 14:40:43,746 - INFO - Loading EPA fuel economy data...
2025-08-15 14:40:43,746 - INFO - Downloading EPA database...
2025-08-15 14:40:51,570 - INFO - Successfully loaded EPA data: 48671 vehicles
2025-08-15 14:40:51,570 - INFO - 🇰🇪 Starting Kenya vehicle data collection...
2025-08-15 14:40:51,570 - INFO - Fetching vehicle makes...
2025-08-15 14:40:53,400 - INFO - Found 192 vehicle makes
2025-08-15 14:40:53,400 - INFO - Processing 8 makes for years [2012, 2013, 2014]
2025-08-15 14:40:53,401 - INFO - 🔧 Processing: TOYOTA
2025-08-15 14:40:54,593 - INFO -   📅 2012: 25 models
2025-08-15 14:40:54,624 - INFO -     ✅ Scion tC (1.5L, KES 155,000)
2025-08-15 14:40:54,637 - INFO -     ✅ Corolla (1.8L, KES 150,000)
2025-08-15 14:40:54,651 - INFO -     ✅ Prius (1.8L, KES 150,000)
2025-08-15 14:40:54,672 - INFO -     ✅ Scion xB (1.5L, KES 160,000)
2025-08-15 14:40:54,691 - INFO -     ✅ Land Cruiser (2.7L, KES 455,000)
2025-08-15 14:40:54,703 - INFO -     ✅ Highlander (2.7L, KES 240,000)
2025-08-15 14:40:54,720 - INFO -     ✅ 4-Runner (1.5L, KES 125,000)
2025-08-15 14:40:54,734 - INFO -     ✅ RAV4 (2.5L, KES 320,000)
2025-08-15 14:40:54,747 - INFO -     ✅ Tacoma (2.7L, KES 435,000)
2025-08-15 14:40:54,760 - INFO -     ✅ FJ Cruiser (4.0L, KES 455,000)
2025-08-15 14:40:54,773 - INFO -     ✅ Yaris (1.5L, KES 135,000)
2025-08-15 14:40:54,786 - INFO -     ✅ Avalon (3.5L, KES 485,000)
2025-08-15 14:40:54,805 - INFO -     ✅ Corolla Matrix (1.8L, KES 165,000)
2025-08-15 14:40:54,818 - INFO -     ✅ Tundra (4.0L, KES 755,000)
2025-08-15 14:40:54,832 - INFO -     ✅ Sienna (2.7L, KES 335,000)
2025-08-15 14:40:54,846 - INFO -     ✅ Camry (2.5L, KES 470,000)
2025-08-15 14:40:54,860 - INFO -     ✅ Sequoia (4.6L, KES 405,000)
2025-08-15 14:40:54,881 - INFO -     ✅ Scion xD (1.5L, KES 140,000)
2025-08-15 14:40:54,894 - INFO -     ✅ Venza (2.7L, KES 435,000)
2025-08-15 14:40:54,912 - INFO -     ✅ FCHV-adv (1.5L, KES 115,000)
2025-08-15 14:40:54,933 - INFO -     ✅ Celica (1.5L, KES 135,000)
2025-08-15 14:40:54,953 - INFO -     ✅ Paseo (1.5L, KES 145,000)
2025-08-15 14:40:54,974 - INFO -     ✅ Scion iQ (1.5L, KES 115,000)
2025-08-15 14:40:54,986 - INFO -     ✅ Prius V (1.8L, KES 220,000)
2025-08-15 14:40:54,998 - INFO -     ✅ Prius C (1.5L, KES 80,000)
2025-08-15 14:40:56,198 - INFO -   📅 2013: 26 models
2025-08-15 14:40:56,228 - INFO -     ✅ Scion tC (5.7L, KES 535,000)
2025-08-15 14:40:56,243 - INFO -     ✅ Corolla (1.8L, KES 160,000)
2025-08-15 14:40:56,257 - INFO -     ✅ Prius (1.5L, KES 95,000)
2025-08-15 14:40:56,278 - INFO -     ✅ Scion xB (5.7L, KES 510,000)
2025-08-15 14:40:56,290 - INFO -     ✅ Land Cruiser (5.7L, KES 440,000)
2025-08-15 14:40:56,302 - INFO -     ✅ Highlander (2.7L, KES 470,000)
2025-08-15 14:40:56,319 - INFO -     ✅ 4-Runner (5.7L, KES 660,000)
2025-08-15 14:40:56,332 - INFO -     ✅ RAV4 (UnknownL, KES 150,000)
2025-08-15 14:40:56,345 - INFO -     ✅ Tacoma (4.0L, KES 415,000)
2025-08-15 14:40:56,366 - INFO -     ✅ Scion FR-S (5.7L, KES 470,000)
2025-08-15 14:40:56,378 - INFO -     ✅ FJ Cruiser (4.0L, KES 700,000)
2025-08-15 14:40:56,390 - INFO -     ✅ Yaris (1.5L, KES 145,000)
2025-08-15 14:40:56,403 - INFO -     ✅ Avalon (3.5L, KES 670,000)
2025-08-15 14:40:56,422 - INFO -     ✅ Corolla Matrix (1.8L, KES 120,000)
2025-08-15 14:40:56,435 - INFO -     ✅ Tundra (4.0L, KES 425,000)
2025-08-15 14:40:56,448 - INFO -     ✅ Sienna (2.7L, KES 370,000)
2025-08-15 14:40:56,462 - INFO -     ✅ Camry (2.5L, KES 455,000)
2025-08-15 14:40:56,475 - INFO -     ✅ Sequoia (5.7L, KES 550,000)
2025-08-15 14:40:56,496 - INFO -     ✅ Scion xD (5.7L, KES 515,000)
2025-08-15 14:40:56,509 - INFO -     ✅ Venza (2.7L, KES 385,000)
2025-08-15 14:40:56,528 - INFO -     ✅ FCHV-adv (5.7L, KES 415,000)
2025-08-15 14:40:56,548 - INFO -     ✅ Celica (5.7L, KES 560,000)
2025-08-15 14:40:56,568 - INFO -     ✅ Paseo (5.7L, KES 460,000)
2025-08-15 14:40:56,588 - INFO -     ✅ Scion iQ (5.7L, KES 490,000)
2025-08-15 14:40:56,601 - INFO -     ✅ Prius V (1.8L, KES 145,000)
2025-08-15 14:40:56,614 - INFO -     ✅ Prius C (1.5L, KES 90,000)
2025-08-15 14:40:57,953 - INFO -   📅 2014: 25 models
2025-08-15 14:40:57,980 - INFO -     ✅ Scion tC (1.5L, KES 90,000)
2025-08-15 14:40:57,993 - INFO -     ✅ Corolla (1.8L, KES 180,000)
2025-08-15 14:40:58,007 - INFO -     ✅ Prius (1.8L, KES 145,000)
2025-08-15 14:40:58,029 - INFO -     ✅ Scion xB (1.5L, KES 90,000)
2025-08-15 14:40:58,041 - INFO -     ✅ Land Cruiser (5.7L, KES 455,000)
2025-08-15 14:40:58,053 - INFO -     ✅ Highlander (2.7L, KES 315,000)
2025-08-15 14:40:58,069 - INFO -     ✅ 4-Runner (1.5L, KES 105,000)
2025-08-15 14:40:58,082 - INFO -     ✅ RAV4 (UnknownL, KES 155,000)
2025-08-15 14:40:58,095 - INFO -     ✅ Tacoma (2.7L, KES 265,000)
2025-08-15 14:40:58,115 - INFO -     ✅ Scion FR-S (1.5L, KES 110,000)
2025-08-15 14:40:58,127 - INFO -     ✅ FJ Cruiser (4.0L, KES 520,000)
2025-08-15 14:40:58,139 - INFO -     ✅ Yaris (1.5L, KES 115,000)
2025-08-15 14:40:58,152 - INFO -     ✅ Avalon (2.5L, KES 280,000)
2025-08-15 14:40:58,165 - INFO -     ✅ Tundra (4.0L, KES 405,000)
2025-08-15 14:40:58,179 - INFO -     ✅ Sienna (3.5L, KES 485,000)
2025-08-15 14:40:58,192 - INFO -     ✅ Camry (2.5L, KES 285,000)
2025-08-15 14:40:58,205 - INFO -     ✅ Sequoia (5.7L, KES 475,000)
2025-08-15 14:40:58,226 - INFO -     ✅ Scion xD (1.5L, KES 105,000)
2025-08-15 14:40:58,238 - INFO -     ✅ Venza (2.7L, KES 250,000)
2025-08-15 14:40:58,257 - INFO -     ✅ FCHV-adv (1.5L, KES 110,000)
2025-08-15 14:40:58,277 - INFO -     ✅ Celica (1.5L, KES 95,000)
2025-08-15 14:40:58,298 - INFO -     ✅ Paseo (1.5L, KES 95,000)
2025-08-15 14:40:58,319 - INFO -     ✅ Scion iQ (1.5L, KES 125,000)
2025-08-15 14:40:58,331 - INFO -     ✅ Prius V (1.8L, KES 170,000)
2025-08-15 14:40:58,343 - INFO -     ✅ Prius C (1.5L, KES 75,000)
2025-08-15 14:40:58,344 - INFO - 🔧 Processing: MERCEDES-BENZ
2025-08-15 14:40:59,624 - INFO -   📅 2012: 30 models
2025-08-15 14:40:59,652 - INFO -     ✅ Sprinter (5.5L, KES 1,690,000)
2025-08-15 14:40:59,652 - INFO -     ✅ Sprinter (5.5L, KES 1,315,000)
2025-08-15 14:40:59,652 - INFO -     ✅ Sprinter (5.5L, KES 1,370,000)
2025-08-15 14:40:59,652 - INFO -     ✅ Sprinter (5.5L, KES 1,300,000)
2025-08-15 14:40:59,674 - INFO -     ✅ SL-Class (5.5L, KES 1,060,000)
2025-08-15 14:40:59,694 - INFO -     ✅ SLK-Class (5.5L, KES 1,255,000)
2025-08-15 14:40:59,714 - INFO -     ✅ E-Class (5.5L, KES 1,280,000)
2025-08-15 14:40:59,732 - INFO -     ✅ CLS-Class (5.5L, KES 1,220,000)
2025-08-15 14:40:59,752 - INFO -     ✅ C-Class (5.5L, KES 1,635,000)
2025-08-15 14:40:59,772 - INFO -     ✅ S-Class (5.5L, KES 960,000)
2025-08-15 14:40:59,791 - INFO -     ✅ SLS-Class (5.5L, KES 1,005,000)
2025-08-15 14:40:59,810 - INFO -     ✅ B-Class (5.5L, KES 865,000)
2025-08-15 14:40:59,830 - INFO -     ✅ GL-Class (5.5L, KES 1,275,000)
2025-08-15 14:40:59,849 - INFO -     ✅ G-Class (5.5L, KES 1,055,000)
2025-08-15 14:40:59,867 - INFO -     ✅ GLK-Class (5.5L, KES 1,210,000)
2025-08-15 14:40:59,886 - INFO -     ✅ CL-Class (5.5L, KES 1,300,000)
2025-08-15 14:40:59,905 - INFO -     ✅ R-Class (5.5L, KES 875,000)
2025-08-15 14:40:59,923 - INFO -     ✅ ML-Class (5.5L, KES 1,050,000)
2025-08-15 14:40:59,942 - INFO -     ✅ L1013 (5.5L, KES 1,540,000)
2025-08-15 14:40:59,962 - INFO -     ✅ L1113 (5.5L, KES 1,355,000)
2025-08-15 14:40:59,983 - INFO -     ✅ L1116 (5.5L, KES 1,265,000)
2025-08-15 14:41:00,003 - INFO -     ✅ L1316 (5.5L, KES 1,250,000)
2025-08-15 14:41:00,022 - INFO -     ✅ L1418 (5.5L, KES 1,645,000)
2025-08-15 14:41:00,042 - INFO -     ✅ L1117 (5.5L, KES 1,430,000)
2025-08-15 14:41:00,061 - INFO -     ✅ L1317 (5.5L, KES 1,110,000)
2025-08-15 14:41:00,080 - INFO -     ✅ L1419 (5.5L, KES 940,000)
2025-08-15 14:41:00,099 - INFO -     ✅ LP1419 (5.5L, KES 1,210,000)
2025-08-15 14:41:00,117 - INFO -     ✅ LPS1525 (5.5L, KES 1,175,000)
2025-08-15 14:41:00,136 - INFO -     ✅ LP1219 (5.5L, KES 960,000)
2025-08-15 14:41:00,154 - INFO -     ✅ L1319 (5.5L, KES 1,225,000)
2025-08-15 14:41:01,329 - INFO -   📅 2013: 29 models
2025-08-15 14:41:01,354 - INFO -     ✅ Sprinter (4.7L, KES 1,530,000)
2025-08-15 14:41:01,354 - INFO -     ✅ Sprinter (4.7L, KES 955,000)
2025-08-15 14:41:01,354 - INFO -     ✅ Sprinter (4.7L, KES 1,155,000)
2025-08-15 14:41:01,354 - INFO -     ✅ Sprinter (4.7L, KES 1,605,000)
2025-08-15 14:41:01,374 - INFO -     ✅ SL-Class (4.7L, KES 820,000)
2025-08-15 14:41:01,393 - INFO -     ✅ SLK-Class (4.7L, KES 1,025,000)
2025-08-15 14:41:01,412 - INFO -     ✅ E-Class (4.7L, KES 1,500,000)
2025-08-15 14:41:01,429 - INFO -     ✅ CLS-Class (4.7L, KES 1,245,000)
2025-08-15 14:41:01,448 - INFO -     ✅ C-Class (4.7L, KES 1,040,000)
2025-08-15 14:41:01,468 - INFO -     ✅ S-Class (4.7L, KES 965,000)
2025-08-15 14:41:01,487 - INFO -     ✅ SLS-Class (4.7L, KES 905,000)
2025-08-15 14:41:01,505 - INFO -     ✅ GL-Class (4.7L, KES 925,000)
2025-08-15 14:41:01,524 - INFO -     ✅ G-Class (4.7L, KES 1,135,000)
2025-08-15 14:41:01,541 - INFO -     ✅ GLK-Class (4.7L, KES 1,170,000)
2025-08-15 14:41:01,559 - INFO -     ✅ CL-Class (4.7L, KES 1,170,000)
2025-08-15 14:41:01,578 - INFO -     ✅ R-Class (4.7L, KES 915,000)
2025-08-15 14:41:01,596 - INFO -     ✅ ML-Class (4.7L, KES 790,000)
2025-08-15 14:41:01,615 - INFO -     ✅ L1013 (4.7L, KES 1,005,000)
2025-08-15 14:41:01,634 - INFO -     ✅ L1113 (4.7L, KES 1,415,000)
2025-08-15 14:41:01,653 - INFO -     ✅ L1116 (4.7L, KES 765,000)
2025-08-15 14:41:01,673 - INFO -     ✅ L1316 (4.7L, KES 930,000)
2025-08-15 14:41:01,692 - INFO -     ✅ L1418 (4.7L, KES 805,000)
2025-08-15 14:41:01,712 - INFO -     ✅ L1117 (4.7L, KES 1,430,000)
2025-08-15 14:41:01,744 - INFO -     ✅ L1317 (4.7L, KES 900,000)
2025-08-15 14:41:01,763 - INFO -     ✅ L1419 (4.7L, KES 1,440,000)
2025-08-15 14:41:01,782 - INFO -     ✅ LP1419 (4.7L, KES 1,315,000)
2025-08-15 14:41:01,800 - INFO -     ✅ LPS1525 (4.7L, KES 790,000)
2025-08-15 14:41:01,819 - INFO -     ✅ LP1219 (4.7L, KES 1,210,000)
2025-08-15 14:41:01,837 - INFO -     ✅ L1319 (4.7L, KES 1,305,000)
2025-08-15 14:41:03,062 - INFO -   📅 2014: 30 models
2025-08-15 14:41:03,091 - INFO -     ✅ Sprinter (3.5L, KES 930,000)
2025-08-15 14:41:03,091 - INFO -     ✅ Sprinter (3.5L, KES 705,000)
2025-08-15 14:41:03,091 - INFO -     ✅ Sprinter (3.5L, KES 765,000)
2025-08-15 14:41:03,091 - INFO -     ✅ Sprinter (3.5L, KES 1,025,000)
2025-08-15 14:41:03,111 - INFO -     ✅ SL-Class (3.5L, KES 890,000)
2025-08-15 14:41:03,129 - INFO -     ✅ SLK-Class (3.5L, KES 1,275,000)
2025-08-15 14:41:03,148 - INFO -     ✅ E-Class (3.5L, KES 1,000,000)
2025-08-15 14:41:03,166 - INFO -     ✅ CLS-Class (3.5L, KES 630,000)
2025-08-15 14:41:03,184 - INFO -     ✅ CLA-Class (3.5L, KES 860,000)
2025-08-15 14:41:03,203 - INFO -     ✅ C-Class (3.5L, KES 1,025,000)
2025-08-15 14:41:03,224 - INFO -     ✅ S-Class (3.5L, KES 830,000)
2025-08-15 14:41:03,243 - INFO -     ✅ SLS-Class (3.5L, KES 845,000)
2025-08-15 14:41:03,255 - INFO -     ✅ B-Class (UnknownL, KES 255,000)
2025-08-15 14:41:03,273 - INFO -     ✅ GL-Class (3.5L, KES 805,000)
2025-08-15 14:41:03,292 - INFO -     ✅ G-Class (3.5L, KES 900,000)
2025-08-15 14:41:03,309 - INFO -     ✅ GLK-Class (3.5L, KES 560,000)
2025-08-15 14:41:03,327 - INFO -     ✅ CL-Class (3.5L, KES 800,000)
2025-08-15 14:41:03,345 - INFO -     ✅ ML-Class (3.5L, KES 900,000)
2025-08-15 14:41:03,364 - INFO -     ✅ L1013 (3.5L, KES 1,075,000)
2025-08-15 14:41:03,383 - INFO -     ✅ L1113 (3.5L, KES 760,000)
2025-08-15 14:41:03,401 - INFO -     ✅ L1116 (3.5L, KES 1,090,000)
2025-08-15 14:41:03,420 - INFO -     ✅ L1316 (3.5L, KES 1,175,000)
2025-08-15 14:41:03,439 - INFO -     ✅ L1418 (3.5L, KES 690,000)
2025-08-15 14:41:03,459 - INFO -     ✅ L1117 (3.5L, KES 1,210,000)
2025-08-15 14:41:03,477 - INFO -     ✅ L1317 (3.5L, KES 1,045,000)
2025-08-15 14:41:03,497 - INFO -     ✅ L1419 (3.5L, KES 1,040,000)
2025-08-15 14:41:03,517 - INFO -     ✅ LP1419 (3.5L, KES 685,000)
2025-08-15 14:41:03,536 - INFO -     ✅ LPS1525 (3.5L, KES 1,080,000)
2025-08-15 14:41:03,555 - INFO -     ✅ LP1219 (3.5L, KES 1,315,000)
2025-08-15 14:41:03,574 - INFO -     ✅ L1319 (3.5L, KES 1,035,000)
2025-08-15 14:41:03,574 - INFO - 🔧 Processing: BMW
2025-08-15 14:41:04,701 - INFO -   📅 2012: 53 models
2025-08-15 14:41:04,719 - INFO -     ✅ 128i (3.0L, KES 860,000)
2025-08-15 14:41:04,731 - INFO -     ✅ 135i (3.0L, KES 675,000)
2025-08-15 14:41:04,744 - INFO -     ✅ 328i (3.0L, KES 725,000)
2025-08-15 14:41:04,758 - INFO -     ✅ M3 (4.0L, KES 905,000)
2025-08-15 14:41:04,770 - INFO -     ✅ 335i (3.0L, KES 1,030,000)
2025-08-15 14:41:04,782 - INFO -     ✅ 335is (3.0L, KES 870,000)
2025-08-15 14:41:04,796 - INFO -     ✅ X6 (3.0L, KES 745,000)
2025-08-15 14:41:04,808 - INFO -     ✅ 528i (2.0L, KES 435,000)
2025-08-15 14:41:04,820 - INFO -     ✅ 535i (3.0L, KES 960,000)
2025-08-15 14:41:04,834 - INFO -     ✅ X5 (3.0L, KES 940,000)
2025-08-15 14:41:04,846 - INFO -     ✅ 550i (4.4L, KES 1,015,000)
2025-08-15 14:41:04,860 - INFO -     ✅ X3 (3.0L, KES 775,000)
2025-08-15 14:41:04,872 - INFO -     ✅ 740i (3.0L, KES 705,000)
2025-08-15 14:41:04,885 - INFO -     ✅ 740Li (3.0L, KES 570,000)
2025-08-15 14:41:04,897 - INFO -     ✅ 750i (4.4L, KES 1,190,000)
2025-08-15 14:41:04,909 - INFO -     ✅ 750Li (4.4L, KES 1,060,000)
2025-08-15 14:41:04,921 - INFO -     ✅ 760Li (6.0L, KES 1,145,000)
2025-08-15 14:41:04,936 - INFO -     ✅ Z4 (2.0L, KES 455,000)
2025-08-15 14:41:04,950 - INFO -     ✅ M6 (4.4L, KES 790,000)
2025-08-15 14:41:04,968 - INFO -     ✅ 528xi (3.0L, KES 760,000)
2025-08-15 14:41:04,980 - INFO -     ✅ 640i (3.0L, KES 740,000)
2025-08-15 14:41:04,993 - INFO -     ✅ 650i (4.4L, KES 1,120,000)
2025-08-15 14:41:05,010 - INFO -     ✅ 650xi (3.0L, KES 460,000)
2025-08-15 14:41:05,031 - INFO -     ✅ F 800 S (3.0L, KES 615,000)
2025-08-15 14:41:05,052 - INFO -     ✅ F 800 ST (3.0L, KES 760,000)
2025-08-15 14:41:05,073 - INFO -     ✅ F 800 GS (3.0L, KES 815,000)
2025-08-15 14:41:05,094 - INFO -     ✅ F 800 R (3.0L, KES 465,000)
2025-08-15 14:41:05,116 - INFO -     ✅ S 1000 RR (4.4L, KES 800,000)
2025-08-15 14:41:05,137 - INFO -     ✅ R 1200 GS (3.0L, KES 915,000)
2025-08-15 14:41:05,157 - INFO -     ✅ R 1200 R (3.0L, KES 475,000)
2025-08-15 14:41:05,177 - INFO -     ✅ R 1200 RT (3.0L, KES 1,025,000)
2025-08-15 14:41:05,198 - INFO -     ✅ K 1300 S (3.0L, KES 695,000)
2025-08-15 14:41:05,218 - INFO -     ✅ K 1300 GT (3.0L, KES 575,000)
2025-08-15 14:41:05,239 - INFO -     ✅ K 1300 R (3.0L, KES 715,000)
2025-08-15 14:41:05,259 - INFO -     ✅ F 650 GS (3.0L, KES 800,000)
2025-08-15 14:41:05,280 - INFO -     ✅ G 650 GS (3.0L, KES 715,000)
2025-08-15 14:41:05,301 - INFO -     ✅ R 900 RT (3.0L, KES 965,000)
2025-08-15 14:41:05,321 - INFO -     ✅ K 1600 GT (3.0L, KES 1,155,000)
2025-08-15 14:41:05,341 - INFO -     ✅ K 1600 GTL (3.0L, KES 925,000)
2025-08-15 14:41:05,362 - INFO -     ✅ F 700 GS (3.0L, KES 785,000)
2025-08-15 14:41:05,383 - INFO -     ✅ F 800 GT (3.0L, KES 770,000)
2025-08-15 14:41:05,404 - INFO -     ✅ C 600 (3.0L, KES 710,000)
2025-08-15 14:41:05,425 - INFO -     ✅ C 650 GT (3.0L, KES 775,000)
2025-08-15 14:41:05,447 - INFO -     ✅ HP4 (3.0L, KES 980,000)
2025-08-15 14:41:05,469 - INFO -     ✅ S 1000 R (4.4L, KES 1,210,000)
2025-08-15 14:41:05,490 - INFO -     ✅ R nineT (3.0L, KES 570,000)
2025-08-15 14:41:05,511 - INFO -     ✅ ActiveE (3.0L, KES 795,000)
2025-08-15 14:41:05,523 - INFO -     ✅ ActiveHybrid 5 (3.0L, KES 625,000)
2025-08-15 14:41:05,546 - INFO -     ✅ X1 (3.0L, KES 715,000)
2025-08-15 14:41:05,562 - INFO -     ✅ 750i / ALPINA B7 (4.4L, KES 1,220,000)
2025-08-15 14:41:05,579 - INFO -     ✅ 750Li / ALPINA B7 (4.4L, KES 1,105,000)
2025-08-15 14:41:05,595 - INFO -     ✅ 750Lxi / ALPINA B7 (3.0L, KES 715,000)
2025-08-15 14:41:05,612 - INFO -     ✅ 750xi / ALPINA B7 (3.0L, KES 975,000)
2025-08-15 14:41:06,748 - INFO -   📅 2013: 48 models
2025-08-15 14:41:06,766 - INFO -     ✅ 128i (3.0L, KES 735,000)
2025-08-15 14:41:06,779 - INFO -     ✅ 135i (3.0L, KES 860,000)
2025-08-15 14:41:06,794 - INFO -     ✅ 328i (2.0L, KES 455,000)
2025-08-15 14:41:06,808 - INFO -     ✅ M3 (4.0L, KES 735,000)
2025-08-15 14:41:06,821 - INFO -     ✅ 335i (3.0L, KES 755,000)
2025-08-15 14:41:06,833 - INFO -     ✅ 335is (3.0L, KES 715,000)
2025-08-15 14:41:06,847 - INFO -     ✅ X6 (4.4L, KES 1,160,000)
2025-08-15 14:41:06,859 - INFO -     ✅ 528i (2.0L, KES 490,000)
2025-08-15 14:41:06,871 - INFO -     ✅ 535i (3.0L, KES 805,000)
2025-08-15 14:41:06,885 - INFO -     ✅ X5 (4.4L, KES 1,200,000)
2025-08-15 14:41:06,898 - INFO -     ✅ 550i (4.4L, KES 1,090,000)
2025-08-15 14:41:06,912 - INFO -     ✅ X3 (2.0L, KES 515,000)
2025-08-15 14:41:06,924 - INFO -     ✅ 740i (3.0L, KES 770,000)
2025-08-15 14:41:06,936 - INFO -     ✅ 740Li (3.0L, KES 585,000)
2025-08-15 14:41:06,948 - INFO -     ✅ 750i (4.4L, KES 730,000)
2025-08-15 14:41:06,960 - INFO -     ✅ 750Li (4.4L, KES 995,000)
2025-08-15 14:41:06,972 - INFO -     ✅ 760Li (6.0L, KES 975,000)
2025-08-15 14:41:06,986 - INFO -     ✅ Z4 (2.0L, KES 650,000)
2025-08-15 14:41:07,004 - INFO -     ✅ 750xi (2.0L, KES 370,000)
2025-08-15 14:41:07,021 - INFO -     ✅ 750Lxi (2.0L, KES 485,000)
2025-08-15 14:41:07,036 - INFO -     ✅ M6 (4.4L, KES 1,125,000)
2025-08-15 14:41:07,054 - INFO -     ✅ 528xi (2.0L, KES 390,000)
2025-08-15 14:41:07,065 - INFO -     ✅ 640i (3.0L, KES 890,000)
2025-08-15 14:41:07,078 - INFO -     ✅ 650i (4.4L, KES 1,070,000)
2025-08-15 14:41:07,095 - INFO -     ✅ 650xi (2.0L, KES 650,000)
2025-08-15 14:41:07,116 - INFO -     ✅ F 800 GS (2.0L, KES 400,000)
2025-08-15 14:41:07,137 - INFO -     ✅ F 800 R (2.0L, KES 505,000)
2025-08-15 14:41:07,159 - INFO -     ✅ S 1000 RR (2.0L, KES 700,000)
2025-08-15 14:41:07,180 - INFO -     ✅ R 1200 GS (2.0L, KES 515,000)
2025-08-15 14:41:07,201 - INFO -     ✅ R 1200 R (2.0L, KES 435,000)
2025-08-15 14:41:07,221 - INFO -     ✅ R 1200 RT (2.0L, KES 430,000)
2025-08-15 14:41:07,242 - INFO -     ✅ K 1300 S (2.0L, KES 425,000)
2025-08-15 14:41:07,264 - INFO -     ✅ G 650 GS (3.0L, KES 845,000)
2025-08-15 14:41:07,285 - INFO -     ✅ K 1600 GT (2.0L, KES 535,000)
2025-08-15 14:41:07,306 - INFO -     ✅ K 1600 GTL (2.0L, KES 570,000)
2025-08-15 14:41:07,328 - INFO -     ✅ F 700 GS (2.0L, KES 455,000)
2025-08-15 14:41:07,350 - INFO -     ✅ F 800 GT (2.0L, KES 630,000)
2025-08-15 14:41:07,371 - INFO -     ✅ C 600 (3.0L, KES 800,000)
2025-08-15 14:41:07,393 - INFO -     ✅ C 650 GT (3.0L, KES 685,000)
2025-08-15 14:41:07,415 - INFO -     ✅ HP4 (2.0L, KES 450,000)
2025-08-15 14:41:07,438 - INFO -     ✅ S 1000 R (2.0L, KES 360,000)
2025-08-15 14:41:07,460 - INFO -     ✅ R nineT (2.0L, KES 475,000)
2025-08-15 14:41:07,475 - INFO -     ✅ M5 (4.4L, KES 1,210,000)
2025-08-15 14:41:07,487 - INFO -     ✅ 320i (2.0L, KES 470,000)
2025-08-15 14:41:07,500 - INFO -     ✅ ActiveHybrid 5 (3.0L, KES 645,000)
2025-08-15 14:41:07,514 - INFO -     ✅ X1 (2.0L, KES 380,000)
2025-08-15 14:41:07,532 - INFO -     ✅ 750i / ALPINA B7 (4.4L, KES 1,005,000)
2025-08-15 14:41:07,549 - INFO -     ✅ 750Li / ALPINA B7 (4.4L, KES 1,425,000)
2025-08-15 14:41:09,009 - INFO -   📅 2014: 57 models
2025-08-15 14:41:09,033 - INFO -     ✅ 128i (2.0L, KES 330,000)
2025-08-15 14:41:09,051 - INFO -     ✅ 135i (2.0L, KES 435,000)
2025-08-15 14:41:09,063 - INFO -     ✅ 328i (2.0L, KES 315,000)
2025-08-15 14:41:09,075 - INFO -     ✅ 335i (3.0L, KES 625,000)
2025-08-15 14:41:09,093 - INFO -     ✅ 335is (2.0L, KES 500,000)
2025-08-15 14:41:09,108 - INFO -     ✅ X6 (3.0L, KES 585,000)
2025-08-15 14:41:09,121 - INFO -     ✅ 528i (2.0L, KES 430,000)
2025-08-15 14:41:09,133 - INFO -     ✅ 535i (3.0L, KES 440,000)
2025-08-15 14:41:09,148 - INFO -     ✅ X5 (3.0L, KES 820,000)
2025-08-15 14:41:09,161 - INFO -     ✅ 550i (4.4L, KES 580,000)
2025-08-15 14:41:09,185 - INFO -     ✅ X3 (2.0L, KES 390,000)
2025-08-15 14:41:09,200 - INFO -     ✅ 740i (3.0L, KES 730,000)
2025-08-15 14:41:09,212 - INFO -     ✅ 740Li (3.0L, KES 430,000)
2025-08-15 14:41:09,224 - INFO -     ✅ 750i (4.4L, KES 950,000)
2025-08-15 14:41:09,236 - INFO -     ✅ 750Li (4.4L, KES 545,000)
2025-08-15 14:41:09,248 - INFO -     ✅ 760Li (6.0L, KES 985,000)
2025-08-15 14:41:09,262 - INFO -     ✅ Z4 (2.0L, KES 480,000)
2025-08-15 14:41:09,278 - INFO -     ✅ 750xi (2.0L, KES 275,000)
2025-08-15 14:41:09,295 - INFO -     ✅ 750Lxi (2.0L, KES 435,000)
2025-08-15 14:41:09,309 - INFO -     ✅ M6 (4.4L, KES 845,000)
2025-08-15 14:41:09,321 - INFO -     ✅ 640i (3.0L, KES 520,000)
2025-08-15 14:41:09,334 - INFO -     ✅ 650i (4.4L, KES 1,190,000)
2025-08-15 14:41:09,351 - INFO -     ✅ 650xi (2.0L, KES 400,000)
2025-08-15 14:41:09,372 - INFO -     ✅ F 800 GS (2.0L, KES 505,000)
2025-08-15 14:41:09,393 - INFO -     ✅ F 800 R (2.0L, KES 465,000)
2025-08-15 14:41:09,415 - INFO -     ✅ S 1000 RR (2.0L, KES 405,000)
2025-08-15 14:41:09,435 - INFO -     ✅ R 1200 GS (2.0L, KES 335,000)
2025-08-15 14:41:09,455 - INFO -     ✅ R 1200 R (2.0L, KES 450,000)
2025-08-15 14:41:09,475 - INFO -     ✅ R 1200 RT (2.0L, KES 300,000)
2025-08-15 14:41:09,497 - INFO -     ✅ K 1300 S (2.0L, KES 320,000)
2025-08-15 14:41:09,518 - INFO -     ✅ G 650 GS (3.0L, KES 430,000)
2025-08-15 14:41:09,539 - INFO -     ✅ K 1600 GT (2.0L, KES 450,000)
2025-08-15 14:41:09,559 - INFO -     ✅ K 1600 GTL (2.0L, KES 470,000)
2025-08-15 14:41:09,581 - INFO -     ✅ F 700 GS (2.0L, KES 455,000)
2025-08-15 14:41:09,602 - INFO -     ✅ F 800 GT (2.0L, KES 405,000)
2025-08-15 14:41:09,624 - INFO -     ✅ C 600 (3.0L, KES 490,000)
2025-08-15 14:41:09,644 - INFO -     ✅ C 650 GT (3.0L, KES 410,000)
2025-08-15 14:41:09,666 - INFO -     ✅ HP4 (2.0L, KES 405,000)
2025-08-15 14:41:09,688 - INFO -     ✅ S 1000 R (2.0L, KES 545,000)
2025-08-15 14:41:09,709 - INFO -     ✅ R nineT (2.0L, KES 505,000)
2025-08-15 14:41:09,724 - INFO -     ✅ M5 (4.4L, KES 660,000)
2025-08-15 14:41:09,736 - INFO -     ✅ 228i (2.0L, KES 450,000)
2025-08-15 14:41:09,749 - INFO -     ✅ M235i (3.0L, KES 640,000)
2025-08-15 14:41:09,761 - INFO -     ✅ 320i (2.0L, KES 405,000)
2025-08-15 14:41:09,773 - INFO -     ✅ 328d (2.0L, KES 520,000)
2025-08-15 14:41:09,788 - INFO -     ✅ i3 (UnknownL, KES 300,000)
2025-08-15 14:41:09,804 - INFO -     ✅ i8 (1.5L, KES 230,000)
2025-08-15 14:41:09,816 - INFO -     ✅ ActiveHybrid 3 (3.0L, KES 605,000)
2025-08-15 14:41:09,828 - INFO -     ✅ 428i (2.0L, KES 465,000)
2025-08-15 14:41:09,840 - INFO -     ✅ 435i (3.0L, KES 475,000)
2025-08-15 14:41:09,852 - INFO -     ✅ 535d (3.0L, KES 375,000)
2025-08-15 14:41:09,865 - INFO -     ✅ ActiveHybrid 5 (3.0L, KES 910,000)
2025-08-15 14:41:09,879 - INFO -     ✅ X1 (3.0L, KES 655,000)
2025-08-15 14:41:09,892 - INFO -     ✅ 335 (3.0L, KES 695,000)
2025-08-15 14:41:09,909 - INFO -     ✅ 750i / ALPINA B7 (4.4L, KES 1,190,000)
2025-08-15 14:41:09,926 - INFO -     ✅ 750Li / ALPINA B7 (4.4L, KES 925,000)
2025-08-15 14:41:09,939 - INFO -     ✅ ActiveHybrid 7 (3.0L, KES 615,000)
2025-08-15 14:41:09,939 - INFO - 🔧 Processing: FORD
2025-08-15 14:41:11,138 - INFO -   📅 2012: 48 models
2025-08-15 14:41:11,167 - INFO -     ✅ Affordable Aluminum (3.7L, KES 765,000)
2025-08-15 14:41:11,189 - INFO -     ✅ Travel Park (3.7L, KES 550,000)
2025-08-15 14:41:11,208 - INFO -     ✅ Bradford Built (3.7L, KES 490,000)
2025-08-15 14:41:11,226 - INFO -     ✅ CRANFORD RADIATOR INC. (3.7L, KES 790,000)
2025-08-15 14:41:11,245 - INFO -     ✅ Eagle Ford Tanks & Trailers LLC (3.7L, KES 920,000)
2025-08-15 14:41:11,259 - INFO -     ✅ Focus (2.0L, KES 410,000)
2025-08-15 14:41:11,273 - INFO -     ✅ Fusion (2.5L, KES 570,000)
2025-08-15 14:41:11,287 - INFO -     ✅ Mustang (3.7L, KES 410,000)
2025-08-15 14:41:11,301 - INFO -     ✅ Taurus (3.5L, KES 790,000)
2025-08-15 14:41:11,322 - INFO -     ✅ E-150 (3.7L, KES 565,000)
2025-08-15 14:41:11,322 - INFO -     ✅ E-150 (3.7L, KES 830,000)
2025-08-15 14:41:11,323 - INFO -     ✅ E-150 (3.7L, KES 695,000)
2025-08-15 14:41:11,337 - INFO -     ✅ Edge (2.0L, KES 260,000)
2025-08-15 14:41:11,351 - INFO -     ✅ Escape (2.5L, KES 570,000)
2025-08-15 14:41:11,364 - INFO -     ✅ Expedition (5.4L, KES 665,000)
2025-08-15 14:41:11,364 - INFO -     ✅ Expedition (5.4L, KES 880,000)
2025-08-15 14:41:11,377 - INFO -     ✅ Explorer (2.0L, KES 370,000)
2025-08-15 14:41:11,398 - INFO -     ✅ F-150 (3.7L, KES 745,000)
2025-08-15 14:41:11,412 - INFO -     ✅ Flex (3.5L, KES 770,000)
2025-08-15 14:41:11,432 - INFO -     ✅ F-250 (3.7L, KES 515,000)
2025-08-15 14:41:11,432 - INFO -     ✅ F-250 (3.7L, KES 605,000)
2025-08-15 14:41:11,453 - INFO -     ✅ F-350 (3.7L, KES 820,000)
2025-08-15 14:41:11,453 - INFO -     ✅ F-350 (3.7L, KES 835,000)
2025-08-15 14:41:11,474 - INFO -     ✅ F-450 (3.7L, KES 485,000)
2025-08-15 14:41:11,474 - INFO -     ✅ F-450 (3.7L, KES 760,000)
2025-08-15 14:41:11,494 - INFO -     ✅ F-550 (3.7L, KES 460,000)
2025-08-15 14:41:11,494 - INFO -     ✅ F-550 (3.7L, KES 545,000)
2025-08-15 14:41:11,515 - INFO -     ✅ F-650 (3.7L, KES 690,000)
2025-08-15 14:41:11,535 - INFO -     ✅ F-750 (3.7L, KES 405,000)
2025-08-15 14:41:11,547 - INFO -     ✅ Transit Connect (2.0L, KES 420,000)
2025-08-15 14:41:11,568 - INFO -     ✅ E-250 (3.7L, KES 465,000)
2025-08-15 14:41:11,568 - INFO -     ✅ E-250 (3.7L, KES 855,000)
2025-08-15 14:41:11,568 - INFO -     ✅ E-250 (3.7L, KES 505,000)
2025-08-15 14:41:11,590 - INFO -     ✅ E-350 (3.7L, KES 485,000)
2025-08-15 14:41:11,590 - INFO -     ✅ E-350 (3.7L, KES 475,000)
2025-08-15 14:41:11,590 - INFO -     ✅ E-350 (3.7L, KES 545,000)
2025-08-15 14:41:11,590 - INFO -     ✅ E-350 (3.7L, KES 710,000)
2025-08-15 14:41:11,611 - INFO -     ✅ E-450 (3.7L, KES 515,000)
2025-08-15 14:41:11,611 - INFO -     ✅ E-450 (3.7L, KES 560,000)
2025-08-15 14:41:11,611 - INFO -     ✅ E-450 (3.7L, KES 925,000)
2025-08-15 14:41:11,630 - INFO -     ✅ Motorhome Chassis (3.7L, KES 565,000)
2025-08-15 14:41:11,643 - INFO -     ✅ Fiesta (1.6L, KES 245,000)
2025-08-15 14:41:11,661 - INFO -     ✅ Commercial Chassis (3.7L, KES 520,000)
2025-08-15 14:41:11,677 - INFO -     ✅ '34 (3.7L, KES 670,000)
2025-08-15 14:41:11,696 - INFO -     ✅ Medford Steel (3.7L, KES 655,000)
2025-08-15 14:41:11,714 - INFO -     ✅ Milford Pipe & Supply (3.7L, KES 850,000)
2025-08-15 14:41:11,733 - INFO -     ✅ Stafford's Trailers (3.7L, KES 505,000)
2025-08-15 14:41:11,753 - INFO -     ✅ Swinford Mfg (3.7L, KES 680,000)
2025-08-15 14:41:12,998 - INFO -   📅 2013: 49 models
2025-08-15 14:41:13,022 - INFO -     ✅ Affordable Aluminum (2.0L, KES 425,000)
2025-08-15 14:41:13,042 - INFO -     ✅ Travel Park (2.0L, KES 220,000)
2025-08-15 14:41:13,060 - INFO -     ✅ Bradford Built (2.0L, KES 355,000)
2025-08-15 14:41:13,078 - INFO -     ✅ CRANFORD RADIATOR INC. (2.0L, KES 355,000)
2025-08-15 14:41:13,096 - INFO -     ✅ Eagle Ford Tanks & Trailers LLC (2.0L, KES 395,000)
2025-08-15 14:41:13,109 - INFO -     ✅ Focus (2.0L, KES 250,000)
2025-08-15 14:41:13,122 - INFO -     ✅ Fusion (2.0L, KES 245,000)
2025-08-15 14:41:13,135 - INFO -     ✅ Mustang (3.7L, KES 510,000)
2025-08-15 14:41:13,149 - INFO -     ✅ Taurus (3.5L, KES 875,000)
2025-08-15 14:41:13,169 - INFO -     ✅ E-150 (2.0L, KES 250,000)
2025-08-15 14:41:13,170 - INFO -     ✅ E-150 (2.0L, KES 410,000)
2025-08-15 14:41:13,170 - INFO -     ✅ E-150 (2.0L, KES 275,000)
2025-08-15 14:41:13,184 - INFO -     ✅ Edge (2.0L, KES 315,000)
2025-08-15 14:41:13,197 - INFO -     ✅ Escape (2.5L, KES 480,000)
2025-08-15 14:41:13,210 - INFO -     ✅ Expedition (5.4L, KES 700,000)
2025-08-15 14:41:13,222 - INFO -     ✅ Explorer (2.0L, KES 320,000)
2025-08-15 14:41:13,243 - INFO -     ✅ F-150 (2.0L, KES 350,000)
2025-08-15 14:41:13,256 - INFO -     ✅ Flex (3.5L, KES 670,000)
2025-08-15 14:41:13,276 - INFO -     ✅ F-250 (2.0L, KES 365,000)
2025-08-15 14:41:13,277 - INFO -     ✅ F-250 (2.0L, KES 330,000)
2025-08-15 14:41:13,297 - INFO -     ✅ F-350 (2.0L, KES 300,000)
2025-08-15 14:41:13,297 - INFO -     ✅ F-350 (2.0L, KES 225,000)
2025-08-15 14:41:13,317 - INFO -     ✅ F-450 (2.0L, KES 205,000)
2025-08-15 14:41:13,317 - INFO -     ✅ F-450 (2.0L, KES 360,000)
2025-08-15 14:41:13,337 - INFO -     ✅ F-550 (2.0L, KES 320,000)
2025-08-15 14:41:13,337 - INFO -     ✅ F-550 (2.0L, KES 330,000)
2025-08-15 14:41:13,358 - INFO -     ✅ F-650 (2.0L, KES 235,000)
2025-08-15 14:41:13,378 - INFO -     ✅ F-750 (2.0L, KES 280,000)
2025-08-15 14:41:13,390 - INFO -     ✅ Transit Connect (2.0L, KES 315,000)
2025-08-15 14:41:13,411 - INFO -     ✅ E-250 (2.0L, KES 285,000)
2025-08-15 14:41:13,411 - INFO -     ✅ E-250 (2.0L, KES 355,000)
2025-08-15 14:41:13,411 - INFO -     ✅ E-250 (2.0L, KES 365,000)
2025-08-15 14:41:13,432 - INFO -     ✅ E-350 (2.0L, KES 265,000)
2025-08-15 14:41:13,432 - INFO -     ✅ E-350 (2.0L, KES 370,000)
2025-08-15 14:41:13,432 - INFO -     ✅ E-350 (2.0L, KES 255,000)
2025-08-15 14:41:13,432 - INFO -     ✅ E-350 (2.0L, KES 355,000)
2025-08-15 14:41:13,453 - INFO -     ✅ E-450 (2.0L, KES 340,000)
2025-08-15 14:41:13,453 - INFO -     ✅ E-450 (2.0L, KES 355,000)
2025-08-15 14:41:13,453 - INFO -     ✅ E-450 (2.0L, KES 350,000)
2025-08-15 14:41:13,470 - INFO -     ✅ Motorhome Chassis (2.0L, KES 285,000)
2025-08-15 14:41:13,484 - INFO -     ✅ Fiesta (1.6L, KES 255,000)
2025-08-15 14:41:13,502 - INFO -     ✅ Commercial Chassis (2.0L, KES 245,000)
2025-08-15 14:41:13,515 - INFO -     ✅ C-Max (2.0L, KES 355,000)
2025-08-15 14:41:13,532 - INFO -     ✅ '34 (2.0L, KES 400,000)
2025-08-15 14:41:13,550 - INFO -     ✅ Fords Trailer Sales (2.0L, KES 415,000)
2025-08-15 14:41:13,568 - INFO -     ✅ Medford Steel (2.0L, KES 355,000)
2025-08-15 14:41:13,586 - INFO -     ✅ Milford Pipe & Supply (2.0L, KES 240,000)
2025-08-15 14:41:13,603 - INFO -     ✅ Stafford's Trailers (2.0L, KES 225,000)
2025-08-15 14:41:13,622 - INFO -     ✅ Swinford Mfg (2.0L, KES 255,000)
2025-08-15 14:41:14,848 - INFO -   📅 2014: 49 models
2025-08-15 14:41:14,874 - INFO -     ✅ Affordable Aluminum (3.7L, KES 800,000)
2025-08-15 14:41:14,896 - INFO -     ✅ Travel Park (3.7L, KES 465,000)
2025-08-15 14:41:14,915 - INFO -     ✅ Bradford Built (3.7L, KES 665,000)
2025-08-15 14:41:14,933 - INFO -     ✅ CRANFORD RADIATOR INC. (3.7L, KES 455,000)
2025-08-15 14:41:14,951 - INFO -     ✅ Eagle Ford Tanks & Trailers LLC (3.7L, KES 410,000)
2025-08-15 14:41:14,965 - INFO -     ✅ Focus (2.0L, KES 205,000)
2025-08-15 14:41:14,978 - INFO -     ✅ Fusion (1.5L, KES 145,000)
2025-08-15 14:41:14,991 - INFO -     ✅ Mustang (3.7L, KES 655,000)
2025-08-15 14:41:15,004 - INFO -     ✅ Taurus (3.5L, KES 365,000)
2025-08-15 14:41:15,026 - INFO -     ✅ E-150 (3.7L, KES 415,000)
2025-08-15 14:41:15,026 - INFO -     ✅ E-150 (3.7L, KES 620,000)
2025-08-15 14:41:15,026 - INFO -     ✅ E-150 (3.7L, KES 645,000)
2025-08-15 14:41:15,041 - INFO -     ✅ Edge (2.0L, KES 285,000)
2025-08-15 14:41:15,055 - INFO -     ✅ Escape (1.6L, KES 160,000)
2025-08-15 14:41:15,068 - INFO -     ✅ Expedition (5.4L, KES 655,000)
2025-08-15 14:41:15,081 - INFO -     ✅ Explorer (2.0L, KES 245,000)
2025-08-15 14:41:15,102 - INFO -     ✅ F-150 (3.7L, KES 590,000)
2025-08-15 14:41:15,116 - INFO -     ✅ Flex (3.5L, KES 650,000)
2025-08-15 14:41:15,138 - INFO -     ✅ F-250 (3.7L, KES 650,000)
2025-08-15 14:41:15,138 - INFO -     ✅ F-250 (3.7L, KES 515,000)
2025-08-15 14:41:15,160 - INFO -     ✅ F-350 (3.7L, KES 505,000)
2025-08-15 14:41:15,160 - INFO -     ✅ F-350 (3.7L, KES 620,000)
2025-08-15 14:41:15,181 - INFO -     ✅ F-450 (3.7L, KES 630,000)
2025-08-15 14:41:15,181 - INFO -     ✅ F-450 (3.7L, KES 345,000)
2025-08-15 14:41:15,202 - INFO -     ✅ F-550 (3.7L, KES 540,000)
2025-08-15 14:41:15,202 - INFO -     ✅ F-550 (3.7L, KES 490,000)
2025-08-15 14:41:15,222 - INFO -     ✅ F-650 (3.7L, KES 725,000)
2025-08-15 14:41:15,242 - INFO -     ✅ F-750 (3.7L, KES 525,000)
2025-08-15 14:41:15,254 - INFO -     ✅ Transit Connect (2.5L, KES 390,000)
2025-08-15 14:41:15,275 - INFO -     ✅ E-250 (3.7L, KES 520,000)
2025-08-15 14:41:15,275 - INFO -     ✅ E-250 (3.7L, KES 765,000)
2025-08-15 14:41:15,275 - INFO -     ✅ E-250 (3.7L, KES 615,000)
2025-08-15 14:41:15,296 - INFO -     ✅ E-350 (3.7L, KES 615,000)
2025-08-15 14:41:15,296 - INFO -     ✅ E-350 (3.7L, KES 465,000)
2025-08-15 14:41:15,296 - INFO -     ✅ E-350 (3.7L, KES 400,000)
2025-08-15 14:41:15,296 - INFO -     ✅ E-350 (3.7L, KES 635,000)
2025-08-15 14:41:15,317 - INFO -     ✅ E-450 (3.7L, KES 550,000)
2025-08-15 14:41:15,317 - INFO -     ✅ E-450 (3.7L, KES 465,000)
2025-08-15 14:41:15,317 - INFO -     ✅ E-450 (3.7L, KES 545,000)
2025-08-15 14:41:15,342 - INFO -     ✅ Motorhome Chassis (3.7L, KES 570,000)
2025-08-15 14:41:15,357 - INFO -     ✅ Fiesta (1.6L, KES 135,000)
2025-08-15 14:41:15,375 - INFO -     ✅ Commercial Chassis (3.7L, KES 625,000)
2025-08-15 14:41:15,388 - INFO -     ✅ C-Max (2.0L, KES 165,000)
2025-08-15 14:41:15,405 - INFO -     ✅ '34 (3.7L, KES 605,000)
2025-08-15 14:41:15,423 - INFO -     ✅ Fords Trailer Sales (3.7L, KES 345,000)
2025-08-15 14:41:15,443 - INFO -     ✅ Medford Steel (3.7L, KES 405,000)
2025-08-15 14:41:15,461 - INFO -     ✅ Milford Pipe & Supply (3.7L, KES 575,000)
2025-08-15 14:41:15,479 - INFO -     ✅ Stafford's Trailers (3.7L, KES 360,000)
2025-08-15 14:41:15,498 - INFO -     ✅ Swinford Mfg (3.7L, KES 520,000)
2025-08-15 14:41:15,498 - INFO - 🔧 Processing: MAZDA
2025-08-15 14:41:16,677 - INFO -   📅 2012: 8 models
2025-08-15 14:41:16,702 - INFO -     ✅ MX-5 (2.0L, KES 190,000)
2025-08-15 14:41:16,727 - INFO -     ✅ RX-8 (2.5L, KES 365,000)
2025-08-15 14:41:16,749 - INFO -     ✅ Mazda3 (2.5L, KES 550,000)
2025-08-15 14:41:16,770 - INFO -     ✅ Mazda5 (2.5L, KES 440,000)
2025-08-15 14:41:16,783 - INFO -     ✅ CX-7 (2.3L, KES 195,000)
2025-08-15 14:41:16,797 - INFO -     ✅ CX-9 (3.7L, KES 850,000)
2025-08-15 14:41:16,818 - INFO -     ✅ Mazda6 (2.5L, KES 440,000)
2025-08-15 14:41:16,839 - INFO -     ✅ Mazda2 (2.5L, KES 600,000)
2025-08-15 14:41:18,198 - INFO -   📅 2013: 7 models
2025-08-15 14:41:18,222 - INFO -     ✅ MX-5 (2.0L, KES 345,000)
2025-08-15 14:41:18,244 - INFO -     ✅ Mazda3 (2.0L, KES 375,000)
2025-08-15 14:41:18,265 - INFO -     ✅ Mazda5 (2.0L, KES 240,000)
2025-08-15 14:41:18,279 - INFO -     ✅ CX-9 (3.7L, KES 660,000)
2025-08-15 14:41:18,300 - INFO -     ✅ Mazda6 (2.0L, KES 260,000)
2025-08-15 14:41:18,320 - INFO -     ✅ Mazda2 (2.0L, KES 315,000)
2025-08-15 14:41:18,334 - INFO -     ✅ CX-5 (2.0L, KES 195,000)
2025-08-15 14:41:19,546 - INFO -   📅 2014: 7 models
2025-08-15 14:41:19,565 - INFO -     ✅ MX-5 (2.0L, KES 240,000)
2025-08-15 14:41:19,585 - INFO -     ✅ Mazda3 (2.5L, KES 345,000)
2025-08-15 14:41:19,605 - INFO -     ✅ Mazda5 (2.5L, KES 430,000)
2025-08-15 14:41:19,620 - INFO -     ✅ CX-9 (3.7L, KES 610,000)
2025-08-15 14:41:19,639 - INFO -     ✅ Mazda6 (2.5L, KES 425,000)
2025-08-15 14:41:19,660 - INFO -     ✅ Mazda2 (2.5L, KES 455,000)
2025-08-15 14:41:19,674 - INFO -     ✅ CX-5 (2.5L, KES 395,000)
2025-08-15 14:41:19,674 - INFO - 🔧 Processing: HONDA
2025-08-15 14:41:20,900 - INFO -   📅 2012: 107 models
2025-08-15 14:41:20,919 - INFO -     ✅ Accord (2.4L, KES 235,000)
2025-08-15 14:41:20,934 - INFO -     ✅ Civic (1.8L, KES 170,000)
2025-08-15 14:41:20,948 - INFO -     ✅ Pilot (3.5L, KES 410,000)
2025-08-15 14:41:20,962 - INFO -     ✅ CR-V (2.4L, KES 190,000)
2025-08-15 14:41:20,975 - INFO -     ✅ Ridgeline (3.5L, KES 555,000)
2025-08-15 14:41:20,988 - INFO -     ✅ Odyssey (3.5L, KES 610,000)
2025-08-15 14:41:21,002 - INFO -     ✅ Insight (1.3L, KES 105,000)
2025-08-15 14:41:21,022 - INFO -     ✅ FCX Clarity (1.8L, KES 150,000)
2025-08-15 14:41:21,037 - INFO -     ✅ Fit (1.5L, KES 80,000)
2025-08-15 14:41:21,051 - INFO -     ✅ CR-Z (1.5L, KES 100,000)
2025-08-15 14:41:21,070 - INFO -     ✅ GOLDWING (1.8L, KES 210,000)
2025-08-15 14:41:21,091 - INFO -     ✅ NC700X (1.8L, KES 140,000)
2025-08-15 14:41:21,110 - INFO -     ✅ NPS50 (Ruckus) (1.8L, KES 135,000)
2025-08-15 14:41:21,131 - INFO -     ✅ ST1300PA (1.8L, KES 180,000)
2025-08-15 14:41:21,151 - INFO -     ✅ VFR1200F (1.8L, KES 215,000)
2025-08-15 14:41:21,170 - INFO -     ✅ Pacific Coast (1.8L, KES 200,000)
2025-08-15 14:41:21,190 - INFO -     ✅ VFR 750F (1.8L, KES 200,000)
2025-08-15 14:41:21,211 - INFO -     ✅ Hawk GT (1.8L, KES 155,000)
2025-08-15 14:41:21,233 - INFO -     ✅ CB-1 (1.8L, KES 175,000)
2025-08-15 14:41:21,253 - INFO -     ✅ ELITE 250 (1.8L, KES 145,000)
2025-08-15 14:41:21,272 - INFO -     ✅ Tourist Trophy (1.8L, KES 165,000)
2025-08-15 14:41:21,293 - INFO -     ✅ NS50F (1.8L, KES 170,000)
2025-08-15 14:41:21,314 - INFO -     ✅ NX250 (1.8L, KES 205,000)
2025-08-15 14:41:21,335 - INFO -     ✅ NX125 (1.8L, KES 190,000)
2025-08-15 14:41:21,358 - INFO -     ✅ SA50 (1.8L, KES 120,000)
2025-08-15 14:41:21,380 - INFO -     ✅ SB50P (1.8L, KES 135,000)
2025-08-15 14:41:21,399 - INFO -     ✅ VFR750R (RC30) (1.8L, KES 165,000)
2025-08-15 14:41:21,419 - INFO -     ✅ VTR (1.8L, KES 245,000)
2025-08-15 14:41:21,439 - INFO -     ✅ XL600V (1.8L, KES 195,000)
2025-08-15 14:41:21,459 - INFO -     ✅ VT1100C (1.8L, KES 130,000)
2025-08-15 14:41:21,472 - INFO -     ✅ Crosstour (3.5L, KES 645,000)
2025-08-15 14:41:21,491 - INFO -     ✅ TRX450ER (1.8L, KES 195,000)
2025-08-15 14:41:21,511 - INFO -     ✅ TRX400X (1.8L, KES 160,000)
2025-08-15 14:41:21,531 - INFO -     ✅ CRF70F (1.8L, KES 185,000)
2025-08-15 14:41:21,551 - INFO -     ✅ CRF100F (1.8L, KES 215,000)
2025-08-15 14:41:21,571 - INFO -     ✅ CR250 (1.8L, KES 155,000)
2025-08-15 14:41:21,592 - INFO -     ✅ CR125 (1.8L, KES 155,000)
2025-08-15 14:41:21,612 - INFO -     ✅ XR250R (1.8L, KES 145,000)
2025-08-15 14:41:21,630 - INFO -     ✅ MUV700 (Big Red) (1.8L, KES 220,000)
2025-08-15 14:41:21,651 - INFO -     ✅ TRX90 (1.8L, KES 190,000)
2025-08-15 14:41:21,671 - INFO -     ✅ XR600R (1.8L, KES 225,000)
2025-08-15 14:41:21,690 - INFO -     ✅ CMX250 (Rebel) (1.8L, KES 170,000)
2025-08-15 14:41:21,708 - INFO -     ✅ VT1300 (Stateline) (1.8L, KES 155,000)
2025-08-15 14:41:21,725 - INFO -     ✅ TRX420 (FourTrax Rancher) (1.8L, KES 160,000)
2025-08-15 14:41:21,746 - INFO -     ✅ TRX420 (1.8L, KES 135,000)
2025-08-15 14:41:21,763 - INFO -     ✅ TRX500 (FourTrax Foreman) (1.8L, KES 155,000)
2025-08-15 14:41:21,781 - INFO -     ✅ TRX680 (Rincon) (1.8L, KES 125,000)
2025-08-15 14:41:21,799 - INFO -     ✅ TRX680 (FourTrax Rincon) (1.8L, KES 125,000)
2025-08-15 14:41:21,818 - INFO -     ✅ NCH50 (GIORNO) (1.8L, KES 185,000)
2025-08-15 14:41:21,837 - INFO -     ✅ TRX250X (1.8L, KES 210,000)
2025-08-15 14:41:21,855 - INFO -     ✅ TRX250 (FourTrax Recon) (1.8L, KES 150,000)
2025-08-15 14:41:21,874 - INFO -     ✅ VFR800F (1.8L, KES 165,000)
2025-08-15 14:41:21,891 - INFO -     ✅ VFR800F (INTERCEPTOR) (1.8L, KES 185,000)
2025-08-15 14:41:21,912 - INFO -     ✅ ST1300A (1.8L, KES 130,000)
2025-08-15 14:41:21,930 - INFO -     ✅ VT1300 (Sabre) (1.8L, KES 170,000)
2025-08-15 14:41:21,950 - INFO -     ✅ CBR1000 (1.8L, KES 120,000)
2025-08-15 14:41:21,968 - INFO -     ✅ VFR1200FA (1.8L, KES 130,000)
2025-08-15 14:41:21,985 - INFO -     ✅ VFR1200FD/VFR1200F (1.8L, KES 150,000)
2025-08-15 14:41:22,005 - INFO -     ✅ CRF80F (1.8L, KES 130,000)
2025-08-15 14:41:22,023 - INFO -     ✅ NC700SA/NC700S (1.8L, KES 170,000)
2025-08-15 14:41:22,039 - INFO -     ✅ VFR1200FAD/VFR1200FD (1.8L, KES 210,000)
2025-08-15 14:41:22,058 - INFO -     ✅ CBF1000A (1.8L, KES 235,000)
2025-08-15 14:41:22,076 - INFO -     ✅ VT750 (Shadow Aero) (1.8L, KES 200,000)
2025-08-15 14:41:22,094 - INFO -     ✅ VT1300 (Fury) (1.8L, KES 140,000)
2025-08-15 14:41:22,112 - INFO -     ✅ VT750 (Shadow Phantom) (1.8L, KES 115,000)
2025-08-15 14:41:22,130 - INFO -     ✅ VT750 (Shadow) (1.8L, KES 120,000)
2025-08-15 14:41:22,147 - INFO -     ✅ FSC600 (Silver Wing) (1.8L, KES 230,000)
2025-08-15 14:41:22,164 - INFO -     ✅ VT1300 (Interstate) (1.8L, KES 210,000)
2025-08-15 14:41:22,182 - INFO -     ✅ TRX500 (FourTrax) (1.8L, KES 160,000)
2025-08-15 14:41:22,199 - INFO -     ✅ VT750 (Shadow Spirit 750) (1.8L, KES 190,000)
2025-08-15 14:41:22,218 - INFO -     ✅ CH80 (Elite) (1.8L, KES 155,000)
2025-08-15 14:41:22,239 - INFO -     ✅ CR80 (1.8L, KES 130,000)
2025-08-15 14:41:22,259 - INFO -     ✅ XR80R (1.8L, KES 165,000)
2025-08-15 14:41:22,279 - INFO -     ✅ CR500R (1.8L, KES 160,000)
2025-08-15 14:41:22,299 - INFO -     ✅ Z50R (1.8L, KES 170,000)
2025-08-15 14:41:22,317 - INFO -     ✅ PC800 (PACIFIC COAST) (1.8L, KES 235,000)
2025-08-15 14:41:22,337 - INFO -     ✅ CBR600 (1.8L, KES 155,000)
2025-08-15 14:41:22,358 - INFO -     ✅ CB125 (1.8L, KES 210,000)
2025-08-15 14:41:22,375 - INFO -     ✅ GL1800 (Goldwing) (1.8L, KES 210,000)
2025-08-15 14:41:22,392 - INFO -     ✅ TRX500 (FourTrax Foreman Rubicon) (1.8L, KES 115,000)
2025-08-15 14:41:22,410 - INFO -     ✅ TRX500 (Foreman) (1.8L, KES 155,000)
2025-08-15 14:41:22,429 - INFO -     ✅ TRX500 (Rubicon) (1.8L, KES 155,000)
2025-08-15 14:41:22,449 - INFO -     ✅ CRF230F (1.8L, KES 115,000)
2025-08-15 14:41:22,468 - INFO -     ✅ CRF150F (1.8L, KES 145,000)
2025-08-15 14:41:22,487 - INFO -     ✅ CRF150R (1.8L, KES 150,000)
2025-08-15 14:41:22,506 - INFO -     ✅ CRF150RB (1.8L, KES 140,000)
2025-08-15 14:41:22,526 - INFO -     ✅ CRF250R (1.8L, KES 140,000)
2025-08-15 14:41:22,545 - INFO -     ✅ CRF250X (1.8L, KES 135,000)
2025-08-15 14:41:22,565 - INFO -     ✅ CRF50F (1.8L, KES 170,000)
2025-08-15 14:41:22,584 - INFO -     ✅ CRF450R (1.8L, KES 200,000)
2025-08-15 14:41:22,604 - INFO -     ✅ CRF450X (1.8L, KES 155,000)
2025-08-15 14:41:22,623 - INFO -     ✅ XR650L (1.8L, KES 125,000)
2025-08-15 14:41:22,645 - INFO -     ✅ CBR125R (1.8L, KES 185,000)
2025-08-15 14:41:22,665 - INFO -     ✅ CBR600RR (1.8L, KES 140,000)
2025-08-15 14:41:22,685 - INFO -     ✅ CBR600RA (1.8L, KES 215,000)
2025-08-15 14:41:22,705 - INFO -     ✅ CBR500R (1.8L, KES 185,000)
2025-08-15 14:41:22,724 - INFO -     ✅ CBR500RA (1.8L, KES 130,000)
2025-08-15 14:41:22,744 - INFO -     ✅ CBR650F (1.8L, KES 225,000)
2025-08-15 14:41:22,763 - INFO -     ✅ CBR650FA (1.8L, KES 120,000)
2025-08-15 14:41:22,782 - INFO -     ✅ CBR1000RR (1.8L, KES 195,000)
2025-08-15 14:41:22,802 - INFO -     ✅ CBR1000RA (1.8L, KES 155,000)
2025-08-15 14:41:22,821 - INFO -     ✅ CBR1000S (1.8L, KES 200,000)
2025-08-15 14:41:22,841 - INFO -     ✅ CB1000R (1.8L, KES 150,000)
2025-08-15 14:41:22,860 - INFO -     ✅ CB1000RA (1.8L, KES 160,000)
2025-08-15 14:41:22,880 - INFO -     ✅ CBR250R (1.8L, KES 200,000)
2025-08-15 14:41:22,900 - INFO -     ✅ CBR250RA (1.8L, KES 185,000)
2025-08-15 14:41:22,920 - INFO -     ✅ XR650LL (1.8L, KES 135,000)
2025-08-15 14:41:24,163 - INFO -   📅 2013: 111 models
2025-08-15 14:41:24,186 - INFO -     ✅ Accord (2.4L, KES 190,000)
2025-08-15 14:41:24,200 - INFO -     ✅ Civic (2.4L, KES 245,000)
2025-08-15 14:41:24,214 - INFO -     ✅ Pilot (3.5L, KES 405,000)
2025-08-15 14:41:24,228 - INFO -     ✅ CR-V (2.4L, KES 275,000)
2025-08-15 14:41:24,241 - INFO -     ✅ Ridgeline (3.5L, KES 510,000)
2025-08-15 14:41:24,254 - INFO -     ✅ Odyssey (3.5L, KES 350,000)
2025-08-15 14:41:24,267 - INFO -     ✅ Insight (1.3L, KES 95,000)
2025-08-15 14:41:24,287 - INFO -     ✅ FCX Clarity (1.3L, KES 105,000)
2025-08-15 14:41:24,301 - INFO -     ✅ Fit (UnknownL, KES 190,000)
2025-08-15 14:41:24,314 - INFO -     ✅ CR-Z (1.5L, KES 140,000)
2025-08-15 14:41:24,335 - INFO -     ✅ PCX150 (1.3L, KES 180,000)
2025-08-15 14:41:24,356 - INFO -     ✅ CB1100 (1.3L, KES 75,000)
2025-08-15 14:41:24,375 - INFO -     ✅ GOLDWING (1.3L, KES 125,000)
2025-08-15 14:41:24,395 - INFO -     ✅ NC700X (1.3L, KES 125,000)
2025-08-15 14:41:24,413 - INFO -     ✅ NPS50 (Ruckus) (1.3L, KES 125,000)
2025-08-15 14:41:24,433 - INFO -     ✅ ST1300PA (1.3L, KES 140,000)
2025-08-15 14:41:24,452 - INFO -     ✅ VFR1200F (1.3L, KES 165,000)
2025-08-15 14:41:24,470 - INFO -     ✅ Pacific Coast (1.3L, KES 140,000)
2025-08-15 14:41:24,490 - INFO -     ✅ VFR 750F (1.3L, KES 110,000)
2025-08-15 14:41:24,510 - INFO -     ✅ Hawk GT (1.3L, KES 155,000)
2025-08-15 14:41:24,531 - INFO -     ✅ CB-1 (1.3L, KES 115,000)
2025-08-15 14:41:24,556 - INFO -     ✅ ELITE 250 (1.3L, KES 150,000)
2025-08-15 14:41:24,577 - INFO -     ✅ Tourist Trophy (1.3L, KES 105,000)
2025-08-15 14:41:24,598 - INFO -     ✅ NS50F (1.3L, KES 145,000)
2025-08-15 14:41:24,619 - INFO -     ✅ NX250 (1.3L, KES 170,000)
2025-08-15 14:41:24,640 - INFO -     ✅ NX125 (1.3L, KES 180,000)
2025-08-15 14:41:24,664 - INFO -     ✅ SA50 (1.3L, KES 115,000)
2025-08-15 14:41:24,686 - INFO -     ✅ SB50P (1.3L, KES 135,000)
2025-08-15 14:41:24,704 - INFO -     ✅ VFR750R (RC30) (1.3L, KES 130,000)
2025-08-15 14:41:24,725 - INFO -     ✅ VTR (1.3L, KES 160,000)
2025-08-15 14:41:24,744 - INFO -     ✅ XL600V (1.3L, KES 125,000)
2025-08-15 14:41:24,764 - INFO -     ✅ VT1100C (1.3L, KES 135,000)
2025-08-15 14:41:24,776 - INFO -     ✅ Crosstour (3.5L, KES 545,000)
2025-08-15 14:41:24,795 - INFO -     ✅ TRX450ER (1.3L, KES 190,000)
2025-08-15 14:41:24,815 - INFO -     ✅ TRX400X (1.3L, KES 160,000)
2025-08-15 14:41:24,834 - INFO -     ✅ CRF100F (1.3L, KES 185,000)
2025-08-15 14:41:24,855 - INFO -     ✅ CR250 (1.3L, KES 140,000)
2025-08-15 14:41:24,875 - INFO -     ✅ CR125 (1.3L, KES 80,000)
2025-08-15 14:41:24,894 - INFO -     ✅ XR250R (1.3L, KES 140,000)
2025-08-15 14:41:24,912 - INFO -     ✅ MUV700 (Big Red) (1.3L, KES 160,000)
2025-08-15 14:41:24,932 - INFO -     ✅ TRX90 (1.3L, KES 100,000)
2025-08-15 14:41:24,952 - INFO -     ✅ XR600R (1.3L, KES 180,000)
2025-08-15 14:41:24,970 - INFO -     ✅ CMX250 (Rebel) (1.3L, KES 170,000)
2025-08-15 14:41:24,987 - INFO -     ✅ VT1300 (Stateline) (1.3L, KES 190,000)
2025-08-15 14:41:25,004 - INFO -     ✅ TRX420 (FourTrax Rancher) (1.3L, KES 105,000)
2025-08-15 14:41:25,024 - INFO -     ✅ TRX420 (1.3L, KES 155,000)
2025-08-15 14:41:25,041 - INFO -     ✅ TRX500 (FourTrax Foreman) (1.3L, KES 125,000)
2025-08-15 14:41:25,059 - INFO -     ✅ TRX680 (Rincon) (1.3L, KES 150,000)
2025-08-15 14:41:25,077 - INFO -     ✅ TRX680 (FourTrax Rincon) (1.3L, KES 125,000)
2025-08-15 14:41:25,096 - INFO -     ✅ NCH50 (GIORNO) (1.3L, KES 145,000)
2025-08-15 14:41:25,113 - INFO -     ✅ NCH50 (METROPOLITAN) (1.3L, KES 155,000)
2025-08-15 14:41:25,131 - INFO -     ✅ NC700XD/NC700X (1.3L, KES 85,000)
2025-08-15 14:41:25,151 - INFO -     ✅ TRX250X (1.3L, KES 135,000)
2025-08-15 14:41:25,169 - INFO -     ✅ TRX250 (FourTrax Recon) (1.3L, KES 140,000)
2025-08-15 14:41:25,189 - INFO -     ✅ VFR800F (1.3L, KES 110,000)
2025-08-15 14:41:25,207 - INFO -     ✅ VFR800F (INTERCEPTOR) (1.3L, KES 110,000)
2025-08-15 14:41:25,228 - INFO -     ✅ ST1300A (1.3L, KES 185,000)
2025-08-15 14:41:25,247 - INFO -     ✅ VT1300 (Sabre) (1.3L, KES 100,000)
2025-08-15 14:41:25,267 - INFO -     ✅ CBR1000 (1.3L, KES 110,000)
2025-08-15 14:41:25,285 - INFO -     ✅ VFR1200FA (1.3L, KES 85,000)
2025-08-15 14:41:25,301 - INFO -     ✅ VFR1200FD/VFR1200F (1.3L, KES 105,000)
2025-08-15 14:41:25,320 - INFO -     ✅ ST1300A/ST1300 (1.3L, KES 90,000)
2025-08-15 14:41:25,341 - INFO -     ✅ CRF80F (1.3L, KES 100,000)
2025-08-15 14:41:25,360 - INFO -     ✅ VT750 (Shadow Aero) (1.3L, KES 135,000)
2025-08-15 14:41:25,378 - INFO -     ✅ VT1300 (Fury) (1.3L, KES 125,000)
2025-08-15 14:41:25,396 - INFO -     ✅ VT750 (Shadow Phantom) (1.3L, KES 160,000)
2025-08-15 14:41:25,415 - INFO -     ✅ VT750 (Shadow) (1.3L, KES 175,000)
2025-08-15 14:41:25,432 - INFO -     ✅ FSC600 (Silver Wing) (1.3L, KES 160,000)
2025-08-15 14:41:25,451 - INFO -     ✅ VT750 (Aero) (1.3L, KES 155,000)
2025-08-15 14:41:25,468 - INFO -     ✅ VT1300 (Interstate) (1.3L, KES 110,000)
2025-08-15 14:41:25,486 - INFO -     ✅ VT750 (Shadow Spirit 750) (1.3L, KES 100,000)
2025-08-15 14:41:25,505 - INFO -     ✅ CH80 (Elite) (1.3L, KES 160,000)
2025-08-15 14:41:25,526 - INFO -     ✅ CR80 (1.3L, KES 105,000)
2025-08-15 14:41:25,546 - INFO -     ✅ XR80R (1.3L, KES 90,000)
2025-08-15 14:41:25,565 - INFO -     ✅ CR500R (1.3L, KES 120,000)
2025-08-15 14:41:25,586 - INFO -     ✅ Z50R (1.3L, KES 140,000)
2025-08-15 14:41:25,604 - INFO -     ✅ PC800 (PACIFIC COAST) (1.3L, KES 165,000)
2025-08-15 14:41:25,624 - INFO -     ✅ CBR600 (1.3L, KES 170,000)
2025-08-15 14:41:25,645 - INFO -     ✅ CB125 (1.3L, KES 95,000)
2025-08-15 14:41:25,664 - INFO -     ✅ GL1800 (Goldwing) (1.3L, KES 110,000)
2025-08-15 14:41:25,681 - INFO -     ✅ TRX500 (FourTrax Foreman Rubicon) (1.3L, KES 150,000)
2025-08-15 14:41:25,700 - INFO -     ✅ TRX500 (Foreman) (1.3L, KES 140,000)
2025-08-15 14:41:25,718 - INFO -     ✅ TRX500 (Rubicon) (1.3L, KES 125,000)
2025-08-15 14:41:25,738 - INFO -     ✅ CRF230F (1.3L, KES 140,000)
2025-08-15 14:41:25,758 - INFO -     ✅ CRF150F (1.3L, KES 150,000)
2025-08-15 14:41:25,779 - INFO -     ✅ CRF150R (1.3L, KES 110,000)
2025-08-15 14:41:25,798 - INFO -     ✅ CRF150RB (1.3L, KES 150,000)
2025-08-15 14:41:25,818 - INFO -     ✅ CRF250L (1.3L, KES 125,000)
2025-08-15 14:41:25,838 - INFO -     ✅ CRF250R (1.3L, KES 140,000)
2025-08-15 14:41:25,858 - INFO -     ✅ CRF250X (1.3L, KES 105,000)
2025-08-15 14:41:25,879 - INFO -     ✅ CRF50F (1.3L, KES 165,000)
2025-08-15 14:41:25,899 - INFO -     ✅ CRF110F (1.3L, KES 105,000)
2025-08-15 14:41:25,920 - INFO -     ✅ CRF450R (1.3L, KES 100,000)
2025-08-15 14:41:25,940 - INFO -     ✅ CRF450X (1.3L, KES 125,000)
2025-08-15 14:41:25,960 - INFO -     ✅ XR650L (1.3L, KES 150,000)
2025-08-15 14:41:25,979 - INFO -     ✅ CBR600RR (1.3L, KES 130,000)
2025-08-15 14:41:25,999 - INFO -     ✅ CBR600RA (1.3L, KES 110,000)
2025-08-15 14:41:26,019 - INFO -     ✅ CBR500R (1.3L, KES 95,000)
2025-08-15 14:41:26,038 - INFO -     ✅ CBR500RA (1.3L, KES 155,000)
2025-08-15 14:41:26,058 - INFO -     ✅ CB500FA (1.3L, KES 115,000)
2025-08-15 14:41:26,078 - INFO -     ✅ CB500F (1.3L, KES 105,000)
2025-08-15 14:41:26,098 - INFO -     ✅ CB500XA (1.3L, KES 155,000)
2025-08-15 14:41:26,118 - INFO -     ✅ CB500X (1.3L, KES 135,000)
2025-08-15 14:41:26,137 - INFO -     ✅ CBR1000RR (1.3L, KES 145,000)
2025-08-15 14:41:26,156 - INFO -     ✅ CBR1000RA (1.3L, KES 110,000)
2025-08-15 14:41:26,176 - INFO -     ✅ CB1000R (1.3L, KES 95,000)
2025-08-15 14:41:26,196 - INFO -     ✅ CB1000RA (1.3L, KES 130,000)
2025-08-15 14:41:26,216 - INFO -     ✅ CB1100A (1.3L, KES 135,000)
2025-08-15 14:41:26,236 - INFO -     ✅ CBR250R (1.3L, KES 130,000)
2025-08-15 14:41:26,256 - INFO -     ✅ CBR250RA (1.3L, KES 135,000)
2025-08-15 14:41:26,276 - INFO -     ✅ XR650LL (1.3L, KES 150,000)
2025-08-15 14:41:27,647 - INFO -   📅 2014: 119 models
2025-08-15 14:41:27,670 - INFO -     ✅ Accord (2.0L, KES 155,000)
2025-08-15 14:41:27,687 - INFO -     ✅ Civic (1.5L, KES 135,000)
2025-08-15 14:41:27,701 - INFO -     ✅ Pilot (3.5L, KES 390,000)
2025-08-15 14:41:27,715 - INFO -     ✅ CR-V (2.4L, KES 165,000)
2025-08-15 14:41:27,728 - INFO -     ✅ Ridgeline (3.5L, KES 550,000)
2025-08-15 14:41:27,741 - INFO -     ✅ Odyssey (3.5L, KES 610,000)
2025-08-15 14:41:27,754 - INFO -     ✅ Insight (1.3L, KES 75,000)
2025-08-15 14:41:27,766 - INFO -     ✅ FCX Clarity (UnknownL, KES 130,000)
2025-08-15 14:41:27,780 - INFO -     ✅ Fit (UnknownL, KES 160,000)
2025-08-15 14:41:27,794 - INFO -     ✅ CR-Z (1.5L, KES 95,000)
2025-08-15 14:41:27,815 - INFO -     ✅ CB1100 (2.0L, KES 225,000)
2025-08-15 14:41:27,835 - INFO -     ✅ CTX1300 (2.0L, KES 160,000)
2025-08-15 14:41:27,857 - INFO -     ✅ CTX700 (2.0L, KES 170,000)
2025-08-15 14:41:27,876 - INFO -     ✅ GOLDWING (2.0L, KES 230,000)
2025-08-15 14:41:27,897 - INFO -     ✅ NC700X (2.0L, KES 215,000)
2025-08-15 14:41:27,915 - INFO -     ✅ NPS50 (Ruckus) (2.0L, KES 220,000)
2025-08-15 14:41:27,936 - INFO -     ✅ ST1300PA (2.0L, KES 170,000)
2025-08-15 14:41:27,954 - INFO -     ✅ Pacific Coast (2.0L, KES 210,000)
2025-08-15 14:41:27,975 - INFO -     ✅ VFR 750F (2.0L, KES 205,000)
2025-08-15 14:41:27,995 - INFO -     ✅ Hawk GT (2.0L, KES 250,000)
2025-08-15 14:41:28,017 - INFO -     ✅ CB-1 (2.0L, KES 215,000)
2025-08-15 14:41:28,037 - INFO -     ✅ ELITE 250 (2.0L, KES 185,000)
2025-08-15 14:41:28,055 - INFO -     ✅ Tourist Trophy (2.0L, KES 190,000)
2025-08-15 14:41:28,076 - INFO -     ✅ NS50F (2.0L, KES 220,000)
2025-08-15 14:41:28,097 - INFO -     ✅ NX250 (2.0L, KES 175,000)
2025-08-15 14:41:28,117 - INFO -     ✅ NX125 (2.0L, KES 235,000)
2025-08-15 14:41:28,141 - INFO -     ✅ SA50 (2.0L, KES 155,000)
2025-08-15 14:41:28,163 - INFO -     ✅ SB50P (2.0L, KES 230,000)
2025-08-15 14:41:28,181 - INFO -     ✅ VFR750R (RC30) (2.0L, KES 225,000)
2025-08-15 14:41:28,202 - INFO -     ✅ VTR (2.0L, KES 140,000)
2025-08-15 14:41:28,222 - INFO -     ✅ XL600V (2.0L, KES 225,000)
2025-08-15 14:41:28,241 - INFO -     ✅ VT1100C (2.0L, KES 275,000)
2025-08-15 14:41:28,254 - INFO -     ✅ Crosstour (2.4L, KES 155,000)
2025-08-15 14:41:28,273 - INFO -     ✅ FourTrax (2.0L, KES 245,000)
2025-08-15 14:41:28,293 - INFO -     ✅ TRX400X (2.0L, KES 160,000)
2025-08-15 14:41:28,313 - INFO -     ✅ TRX450R (2.0L, KES 185,000)
2025-08-15 14:41:28,334 - INFO -     ✅ CR250 (2.0L, KES 155,000)
2025-08-15 14:41:28,355 - INFO -     ✅ CR125 (2.0L, KES 175,000)
2025-08-15 14:41:28,374 - INFO -     ✅ XR250R (2.0L, KES 220,000)
2025-08-15 14:41:28,395 - INFO -     ✅ TRX90 (2.0L, KES 190,000)
2025-08-15 14:41:28,415 - INFO -     ✅ XR600R (2.0L, KES 220,000)
2025-08-15 14:41:28,433 - INFO -     ✅ NC700XL (NC700X) (2.0L, KES 170,000)
2025-08-15 14:41:28,452 - INFO -     ✅ CMX250 (Rebel) (2.0L, KES 165,000)
2025-08-15 14:41:28,470 - INFO -     ✅ VT1300 (Stateline) (2.0L, KES 270,000)
2025-08-15 14:41:28,487 - INFO -     ✅ TRX420 (FourTrax Rancher) (2.0L, KES 235,000)
2025-08-15 14:41:28,508 - INFO -     ✅ TRX420 (2.0L, KES 230,000)
2025-08-15 14:41:28,525 - INFO -     ✅ TRX500 (FourTrax Foreman) (2.0L, KES 150,000)
2025-08-15 14:41:28,543 - INFO -     ✅ TRX680 (Rincon) (2.0L, KES 275,000)
2025-08-15 14:41:28,562 - INFO -     ✅ NCH50 (GIORNO) (2.0L, KES 165,000)
2025-08-15 14:41:28,579 - INFO -     ✅ NCH50 (METROPOLITAN) (2.0L, KES 215,000)
2025-08-15 14:41:28,598 - INFO -     ✅ NSS300 (FORZA) (2.0L, KES 195,000)
2025-08-15 14:41:28,616 - INFO -     ✅ NSS300A (FORZA) (2.0L, KES 225,000)
2025-08-15 14:41:28,637 - INFO -     ✅ CRF110 (2.0L, KES 155,000)
2025-08-15 14:41:28,654 - INFO -     ✅ MRT260/COTA 4RT260 (2.0L, KES 230,000)
2025-08-15 14:41:28,674 - INFO -     ✅ NC750X (2.0L, KES 265,000)
2025-08-15 14:41:28,690 - INFO -     ✅ NC700XD/NC700X (2.0L, KES 235,000)
2025-08-15 14:41:28,707 - INFO -     ✅ NC700XDL/NC700X (2.0L, KES 270,000)
2025-08-15 14:41:28,727 - INFO -     ✅ TRX250X (2.0L, KES 200,000)
2025-08-15 14:41:28,743 - INFO -     ✅ TRX450R/TRX450ER (2.0L, KES 175,000)
2025-08-15 14:41:28,761 - INFO -     ✅ MSX125 (Grom) (2.0L, KES 260,000)
2025-08-15 14:41:28,781 - INFO -     ✅ NC750SA (2.0L, KES 200,000)
2025-08-15 14:41:28,800 - INFO -     ✅ VFR800F (2.0L, KES 180,000)
2025-08-15 14:41:28,817 - INFO -     ✅ VFR800F (INTERCEPTOR) (2.0L, KES 190,000)
2025-08-15 14:41:28,833 - INFO -     ✅ VFR1200FD/VFR1200FA (2.0L, KES 155,000)
2025-08-15 14:41:28,854 - INFO -     ✅ ST1300A (2.0L, KES 165,000)
2025-08-15 14:41:28,873 - INFO -     ✅ CBR1000 (2.0L, KES 220,000)
2025-08-15 14:41:28,892 - INFO -     ✅ VT750 (Shadow Aero) (2.0L, KES 205,000)
2025-08-15 14:41:28,910 - INFO -     ✅ VT1300 (Fury) (2.0L, KES 145,000)
2025-08-15 14:41:28,928 - INFO -     ✅ VT750 (Shadow Phantom) (2.0L, KES 160,000)
2025-08-15 14:41:28,947 - INFO -     ✅ VT750 (Aero) (2.0L, KES 240,000)
2025-08-15 14:41:28,964 - INFO -     ✅ VT1300 (Interstate) (2.0L, KES 235,000)
2025-08-15 14:41:28,981 - INFO -     ✅ VT750 (Shadow Spirit 750) (2.0L, KES 150,000)
2025-08-15 14:41:29,000 - INFO -     ✅ CH80 (Elite) (2.0L, KES 155,000)
2025-08-15 14:41:29,024 - INFO -     ✅ CR80 (2.0L, KES 235,000)
2025-08-15 14:41:29,044 - INFO -     ✅ XR80R (2.0L, KES 270,000)
2025-08-15 14:41:29,064 - INFO -     ✅ CR500R (2.0L, KES 250,000)
2025-08-15 14:41:29,084 - INFO -     ✅ Z50R (2.0L, KES 185,000)
2025-08-15 14:41:29,112 - INFO -     ✅ PC800 (PACIFIC COAST) (2.0L, KES 150,000)
2025-08-15 14:41:29,131 - INFO -     ✅ Honda Utility Vehicle (2.0L, KES 155,000)
2025-08-15 14:41:29,152 - INFO -     ✅ CBR600 (2.0L, KES 160,000)
2025-08-15 14:41:29,172 - INFO -     ✅ CB125 (2.0L, KES 190,000)
2025-08-15 14:41:29,190 - INFO -     ✅ GL1800 (Goldwing) (2.0L, KES 145,000)
2025-08-15 14:41:29,210 - INFO -     ✅ Pioneer (2.0L, KES 145,000)
2025-08-15 14:41:29,227 - INFO -     ✅ TRX500 (FourTrax Foreman Rubicon) (2.0L, KES 190,000)
2025-08-15 14:41:29,244 - INFO -     ✅ TRX500 (Foreman) (2.0L, KES 185,000)
2025-08-15 14:41:29,262 - INFO -     ✅ TRX500 (Rubicon) (2.0L, KES 165,000)
2025-08-15 14:41:29,282 - INFO -     ✅ CRF230F (2.0L, KES 220,000)
2025-08-15 14:41:29,302 - INFO -     ✅ CRF125F (2.0L, KES 245,000)
2025-08-15 14:41:29,321 - INFO -     ✅ CRF125FB (2.0L, KES 200,000)
2025-08-15 14:41:29,342 - INFO -     ✅ CRF150F (2.0L, KES 270,000)
2025-08-15 14:41:29,362 - INFO -     ✅ CRF150R (2.0L, KES 225,000)
2025-08-15 14:41:29,383 - INFO -     ✅ CRF150RB (2.0L, KES 215,000)
2025-08-15 14:41:29,403 - INFO -     ✅ CRF250L (2.0L, KES 185,000)
2025-08-15 14:41:29,423 - INFO -     ✅ CRF250R (2.0L, KES 280,000)
2025-08-15 14:41:29,443 - INFO -     ✅ CRF50F (2.0L, KES 165,000)
2025-08-15 14:41:29,463 - INFO -     ✅ CRF110F (2.0L, KES 230,000)
2025-08-15 14:41:29,482 - INFO -     ✅ CRF450R (2.0L, KES 250,000)
2025-08-15 14:41:29,502 - INFO -     ✅ CRF450X (2.0L, KES 195,000)
2025-08-15 14:41:29,522 - INFO -     ✅ XR650L (2.0L, KES 155,000)
2025-08-15 14:41:29,542 - INFO -     ✅ CBR125R (2.0L, KES 225,000)
2025-08-15 14:41:29,561 - INFO -     ✅ CBR600RR (2.0L, KES 250,000)
2025-08-15 14:41:29,580 - INFO -     ✅ CBR600RA (2.0L, KES 170,000)
2025-08-15 14:41:29,600 - INFO -     ✅ CBR500R (2.0L, KES 165,000)
2025-08-15 14:41:29,619 - INFO -     ✅ CBR500RA (2.0L, KES 150,000)
2025-08-15 14:41:29,638 - INFO -     ✅ CB500FA (2.0L, KES 280,000)
2025-08-15 14:41:29,658 - INFO -     ✅ CB500F (2.0L, KES 200,000)
2025-08-15 14:41:29,678 - INFO -     ✅ CB500XA (2.0L, KES 210,000)
2025-08-15 14:41:29,698 - INFO -     ✅ CB500X (2.0L, KES 130,000)
2025-08-15 14:41:29,717 - INFO -     ✅ CBR650F (2.0L, KES 220,000)
2025-08-15 14:41:29,736 - INFO -     ✅ CBR650FA (2.0L, KES 205,000)
2025-08-15 14:41:29,755 - INFO -     ✅ CBR1000RR (2.0L, KES 220,000)
2025-08-15 14:41:29,774 - INFO -     ✅ CBR1000RA (2.0L, KES 240,000)
2025-08-15 14:41:29,793 - INFO -     ✅ CBR1000S (2.0L, KES 245,000)
2025-08-15 14:41:29,813 - INFO -     ✅ CB1000R (2.0L, KES 155,000)
2025-08-15 14:41:29,832 - INFO -     ✅ CB1000RA (2.0L, KES 180,000)
2025-08-15 14:41:29,852 - INFO -     ✅ CB1100A (2.0L, KES 195,000)
2025-08-15 14:41:29,871 - INFO -     ✅ CB1100SA (2.0L, KES 175,000)
2025-08-15 14:41:29,890 - INFO -     ✅ XR650LL (2.0L, KES 165,000)
2025-08-15 14:41:29,909 - INFO -     ✅ CTX700N (2.0L, KES 215,000)
2025-08-15 14:41:29,909 - INFO - 🔧 Processing: NISSAN
2025-08-15 14:41:31,171 - INFO -   📅 2012: 26 models
2025-08-15 14:41:31,196 - INFO -     ✅ GT-R (3.8L, KES 715,000)
2025-08-15 14:41:31,196 - INFO -     ✅ GT-R (3.8L, KES 650,000)
2025-08-15 14:41:31,209 - INFO -     ✅ Versa (1.8L, KES 120,000)
2025-08-15 14:41:31,209 - INFO -     ✅ Versa (1.8L, KES 155,000)
2025-08-15 14:41:31,223 - INFO -     ✅ Altima (2.5L, KES 300,000)
2025-08-15 14:41:31,223 - INFO -     ✅ Altima (2.5L, KES 360,000)
2025-08-15 14:41:31,237 - INFO -     ✅ Leaf (UnknownL, KES 185,000)
2025-08-15 14:41:31,237 - INFO -     ✅ Leaf (UnknownL, KES 175,000)
2025-08-15 14:41:31,248 - INFO -     ✅ 370Z (3.7L, KES 355,000)
2025-08-15 14:41:31,248 - INFO -     ✅ 370Z (3.7L, KES 635,000)
2025-08-15 14:41:31,262 - INFO -     ✅ Sentra (2.0L, KES 345,000)
2025-08-15 14:41:31,262 - INFO -     ✅ Sentra (2.0L, KES 220,000)
2025-08-15 14:41:31,273 - INFO -     ✅ Pathfinder (4.0L, KES 650,000)
2025-08-15 14:41:31,286 - INFO -     ✅ Juke (1.6L, KES 170,000)
2025-08-15 14:41:31,299 - INFO -     ✅ Rogue (2.5L, KES 270,000)
2025-08-15 14:41:31,312 - INFO -     ✅ Murano (3.5L, KES 485,000)
2025-08-15 14:41:31,325 - INFO -     ✅ Armada (5.6L, KES 445,000)
2025-08-15 14:41:31,338 - INFO -     ✅ Xterra (4.0L, KES 555,000)
2025-08-15 14:41:31,350 - INFO -     ✅ Quest (3.5L, KES 545,000)
2025-08-15 14:41:31,363 - INFO -     ✅ Frontier (2.5L, KES 400,000)
2025-08-15 14:41:31,376 - INFO -     ✅ Titan (5.6L, KES 525,000)
2025-08-15 14:41:31,397 - INFO -     ✅ NV (3.8L, KES 465,000)
2025-08-15 14:41:31,397 - INFO -     ✅ NV (3.8L, KES 590,000)
2025-08-15 14:41:31,410 - INFO -     ✅ Maxima (3.5L, KES 675,000)
2025-08-15 14:41:31,410 - INFO -     ✅ Maxima (3.5L, KES 460,000)
2025-08-15 14:41:31,423 - INFO -     ✅ Cube (1.8L, KES 220,000)
2025-08-15 14:41:32,611 - INFO -   📅 2013: 27 models
2025-08-15 14:41:32,632 - INFO -     ✅ GT-R (3.8L, KES 520,000)
2025-08-15 14:41:32,632 - INFO -     ✅ GT-R (3.8L, KES 420,000)
2025-08-15 14:41:32,648 - INFO -     ✅ Versa (1.6L, KES 215,000)
2025-08-15 14:41:32,648 - INFO -     ✅ Versa (1.6L, KES 200,000)
2025-08-15 14:41:32,662 - INFO -     ✅ Altima (2.5L, KES 250,000)
2025-08-15 14:41:32,662 - INFO -     ✅ Altima (2.5L, KES 335,000)
2025-08-15 14:41:32,676 - INFO -     ✅ Leaf (UnknownL, KES 170,000)
2025-08-15 14:41:32,676 - INFO -     ✅ Leaf (UnknownL, KES 165,000)
2025-08-15 14:41:32,688 - INFO -     ✅ 370Z (3.7L, KES 630,000)
2025-08-15 14:41:32,688 - INFO -     ✅ 370Z (3.7L, KES 540,000)
2025-08-15 14:41:32,702 - INFO -     ✅ Sentra (1.8L, KES 130,000)
2025-08-15 14:41:32,703 - INFO -     ✅ Sentra (1.8L, KES 165,000)
2025-08-15 14:41:32,714 - INFO -     ✅ Pathfinder (3.5L, KES 400,000)
2025-08-15 14:41:32,728 - INFO -     ✅ Juke (1.6L, KES 175,000)
2025-08-15 14:41:32,741 - INFO -     ✅ Rogue (2.5L, KES 410,000)
2025-08-15 14:41:32,754 - INFO -     ✅ Murano (3.5L, KES 645,000)
2025-08-15 14:41:32,768 - INFO -     ✅ Armada (5.6L, KES 450,000)
2025-08-15 14:41:32,780 - INFO -     ✅ Xterra (4.0L, KES 770,000)
2025-08-15 14:41:32,793 - INFO -     ✅ Quest (3.5L, KES 505,000)
2025-08-15 14:41:32,807 - INFO -     ✅ NV200 (2.0L, KES 350,000)
2025-08-15 14:41:32,819 - INFO -     ✅ Frontier (2.5L, KES 260,000)
2025-08-15 14:41:32,832 - INFO -     ✅ Titan (5.6L, KES 645,000)
2025-08-15 14:41:32,846 - INFO -     ✅ NV (2.0L, KES 295,000)
2025-08-15 14:41:32,846 - INFO -     ✅ NV (2.0L, KES 240,000)
2025-08-15 14:41:32,859 - INFO -     ✅ Maxima (3.5L, KES 405,000)
2025-08-15 14:41:32,859 - INFO -     ✅ Maxima (3.5L, KES 370,000)
2025-08-15 14:41:32,872 - INFO -     ✅ Cube (1.8L, KES 200,000)
2025-08-15 14:41:34,092 - INFO -   📅 2014: 31 models
2025-08-15 14:41:34,113 - INFO -     ✅ GT-R (3.8L, KES 305,000)
2025-08-15 14:41:34,113 - INFO -     ✅ GT-R (3.8L, KES 565,000)
2025-08-15 14:41:34,127 - INFO -     ✅ Versa (1.6L, KES 120,000)
2025-08-15 14:41:34,127 - INFO -     ✅ Versa (1.6L, KES 150,000)
2025-08-15 14:41:34,148 - INFO -     ✅ Versa Note (1.6L, KES 100,000)
2025-08-15 14:41:34,148 - INFO -     ✅ Versa Note (1.6L, KES 115,000)
2025-08-15 14:41:34,161 - INFO -     ✅ Altima (2.5L, KES 350,000)
2025-08-15 14:41:34,161 - INFO -     ✅ Altima (2.5L, KES 325,000)
2025-08-15 14:41:34,175 - INFO -     ✅ Leaf (UnknownL, KES 145,000)
2025-08-15 14:41:34,175 - INFO -     ✅ Leaf (UnknownL, KES 165,000)
2025-08-15 14:41:34,186 - INFO -     ✅ 370Z (3.7L, KES 500,000)
2025-08-15 14:41:34,186 - INFO -     ✅ 370Z (3.7L, KES 480,000)
2025-08-15 14:41:34,200 - INFO -     ✅ Sentra (1.8L, KES 105,000)
2025-08-15 14:41:34,200 - INFO -     ✅ Sentra (1.8L, KES 105,000)
2025-08-15 14:41:34,212 - INFO -     ✅ Pathfinder (3.5L, KES 620,000)
2025-08-15 14:41:34,226 - INFO -     ✅ Juke (1.6L, KES 110,000)
2025-08-15 14:41:34,239 - INFO -     ✅ Rogue (2.5L, KES 280,000)
2025-08-15 14:41:34,252 - INFO -     ✅ Murano (3.5L, KES 500,000)
2025-08-15 14:41:34,266 - INFO -     ✅ Armada (5.6L, KES 420,000)
2025-08-15 14:41:34,278 - INFO -     ✅ Xterra (4.0L, KES 340,000)
2025-08-15 14:41:34,292 - INFO -     ✅ Quest (3.5L, KES 505,000)
2025-08-15 14:41:34,305 - INFO -     ✅ NV200 (2.0L, KES 175,000)
2025-08-15 14:41:34,305 - INFO -     ✅ NV200 (2.0L, KES 260,000)
2025-08-15 14:41:34,317 - INFO -     ✅ Frontier (2.5L, KES 335,000)
2025-08-15 14:41:34,330 - INFO -     ✅ Titan (5.6L, KES 570,000)
2025-08-15 14:41:34,345 - INFO -     ✅ NV (2.0L, KES 155,000)
2025-08-15 14:41:34,345 - INFO -     ✅ NV (2.0L, KES 230,000)
2025-08-15 14:41:34,358 - INFO -     ✅ Maxima (3.5L, KES 375,000)
2025-08-15 14:41:34,358 - INFO -     ✅ Maxima (3.5L, KES 410,000)
2025-08-15 14:41:34,371 - INFO -     ✅ Cube (1.8L, KES 135,000)
2025-08-15 14:41:34,382 - INFO -     ✅ Rogue Select (2.5L, KES 250,000)
2025-08-15 14:41:34,382 - INFO - 🔧 Processing: MITSUBISHI
2025-08-15 14:41:35,605 - INFO -   📅 2012: 46 models
2025-08-15 14:41:35,628 - INFO -     ✅ Outlander (2.4L, KES 340,000)
2025-08-15 14:41:35,641 - INFO -     ✅ Lancer (2.0L, KES 300,000)
2025-08-15 14:41:35,653 - INFO -     ✅ Galant (2.4L, KES 255,000)
2025-08-15 14:41:35,665 - INFO -     ✅ Eclipse (2.4L, KES 265,000)
2025-08-15 14:41:35,686 - INFO -     ✅ RVR (2.4L, KES 250,000)
2025-08-15 14:41:35,699 - INFO -     ✅ i-MiEV (UnknownL, KES 195,000)
2025-08-15 14:41:35,718 - INFO -     ✅ Diamante (2.4L, KES 250,000)
2025-08-15 14:41:35,728 - INFO -     ✅ Lancer SportBack (2.0L, KES 200,000)
2025-08-15 14:41:35,739 - INFO -     ✅ Lancer Evolution (2.0L, KES 170,000)
2025-08-15 14:41:35,750 - INFO -     ✅ Outlander Sport (2.0L, KES 295,000)
2025-08-15 14:41:35,770 - INFO -     ✅ FE83D (2.4L, KES 190,000)
2025-08-15 14:41:35,788 - INFO -     ✅ FE84D (2.4L, KES 355,000)
2025-08-15 14:41:35,808 - INFO -     ✅ FE85D (2.4L, KES 330,000)
2025-08-15 14:41:35,828 - INFO -     ✅ FE84DW (2.4L, KES 210,000)
2025-08-15 14:41:35,847 - INFO -     ✅ FG84D (2.4L, KES 265,000)
2025-08-15 14:41:35,866 - INFO -     ✅ FK61F (2.4L, KES 310,000)
2025-08-15 14:41:35,885 - INFO -     ✅ FM61F (2.4L, KES 325,000)
2025-08-15 14:41:35,904 - INFO -     ✅ FM64F (2.4L, KES 180,000)
2025-08-15 14:41:35,923 - INFO -     ✅ FM65F (2.4L, KES 300,000)
2025-08-15 14:41:35,942 - INFO -     ✅ FK62F (2.4L, KES 325,000)
2025-08-15 14:41:35,961 - INFO -     ✅ FK65F (2.4L, KES 245,000)
2025-08-15 14:41:35,979 - INFO -     ✅ FEC52S (2.4L, KES 305,000)
2025-08-15 14:41:35,997 - INFO -     ✅ FEC72S (2.4L, KES 380,000)
2025-08-15 14:41:36,016 - INFO -     ✅ FEC72W (2.4L, KES 355,000)
2025-08-15 14:41:36,035 - INFO -     ✅ FEC92S (2.4L, KES 200,000)
2025-08-15 14:41:36,054 - INFO -     ✅ FGB72S (2.4L, KES 300,000)
2025-08-15 14:41:36,072 - INFO -     ✅ FE639 (2.4L, KES 275,000)
2025-08-15 14:41:36,073 - INFO -     ✅ FE639 (2.4L, KES 235,000)
2025-08-15 14:41:36,091 - INFO -     ✅ FE649 (2.4L, KES 285,000)
2025-08-15 14:41:36,092 - INFO -     ✅ FE649 (2.4L, KES 240,000)
2025-08-15 14:41:36,111 - INFO -     ✅ FH211 (2.4L, KES 325,000)
2025-08-15 14:41:36,111 - INFO -     ✅ FH211 (2.4L, KES 170,000)
2025-08-15 14:41:36,130 - INFO -     ✅ FK617 (2.4L, KES 330,000)
2025-08-15 14:41:36,130 - INFO -     ✅ FK617 (2.4L, KES 205,000)
2025-08-15 14:41:36,150 - INFO -     ✅ FM617 (2.4L, KES 305,000)
2025-08-15 14:41:36,150 - INFO -     ✅ FM617 (2.4L, KES 290,000)
2025-08-15 14:41:36,169 - INFO -     ✅ FM657 (2.4L, KES 285,000)
2025-08-15 14:41:36,169 - INFO -     ✅ FM657 (2.4L, KES 260,000)
2025-08-15 14:41:36,188 - INFO -     ✅ FG639 (2.4L, KES 215,000)
2025-08-15 14:41:36,188 - INFO -     ✅ FG639 (2.4L, KES 270,000)
2025-08-15 14:41:36,207 - INFO -     ✅ FE640 (2.4L, KES 355,000)
2025-08-15 14:41:36,208 - INFO -     ✅ FE640 (2.4L, KES 310,000)
2025-08-15 14:41:36,227 - INFO -     ✅ FG649 (2.4L, KES 240,000)
2025-08-15 14:41:36,227 - INFO -     ✅ FG649 (2.4L, KES 245,000)
2025-08-15 14:41:36,246 - INFO -     ✅ FE640DW (2.4L, KES 225,000)
2025-08-15 14:41:36,246 - INFO -     ✅ FE640DW (2.4L, KES 325,000)
2025-08-15 14:41:37,502 - INFO -   📅 2013: 44 models
2025-08-15 14:41:37,521 - INFO -     ✅ Outlander (2.0L, KES 250,000)
2025-08-15 14:41:37,533 - INFO -     ✅ Lancer (2.0L, KES 220,000)
2025-08-15 14:41:37,554 - INFO -     ✅ RVR (2.0L, KES 305,000)
2025-08-15 14:41:37,568 - INFO -     ✅ i-MiEV (UnknownL, KES 195,000)
2025-08-15 14:41:37,586 - INFO -     ✅ Diamante (2.0L, KES 270,000)
2025-08-15 14:41:37,596 - INFO -     ✅ Lancer SportBack (2.0L, KES 310,000)
2025-08-15 14:41:37,606 - INFO -     ✅ Lancer Evolution (2.0L, KES 265,000)
2025-08-15 14:41:37,617 - INFO -     ✅ Outlander Sport (2.0L, KES 315,000)
2025-08-15 14:41:37,636 - INFO -     ✅ FE83D (2.0L, KES 200,000)
2025-08-15 14:41:37,655 - INFO -     ✅ FE84D (2.0L, KES 320,000)
2025-08-15 14:41:37,674 - INFO -     ✅ FE85D (2.0L, KES 260,000)
2025-08-15 14:41:37,692 - INFO -     ✅ FE84DW (2.0L, KES 300,000)
2025-08-15 14:41:37,711 - INFO -     ✅ FG84D (2.0L, KES 325,000)
2025-08-15 14:41:37,730 - INFO -     ✅ FK61F (2.0L, KES 285,000)
2025-08-15 14:41:37,749 - INFO -     ✅ FM61F (2.0L, KES 370,000)
2025-08-15 14:41:37,768 - INFO -     ✅ FM64F (2.0L, KES 240,000)
2025-08-15 14:41:37,786 - INFO -     ✅ FM65F (2.0L, KES 330,000)
2025-08-15 14:41:37,805 - INFO -     ✅ FK62F (2.0L, KES 285,000)
2025-08-15 14:41:37,823 - INFO -     ✅ FK65F (2.0L, KES 305,000)
2025-08-15 14:41:37,841 - INFO -     ✅ FEC52S (2.0L, KES 270,000)
2025-08-15 14:41:37,860 - INFO -     ✅ FEC72S (2.0L, KES 310,000)
2025-08-15 14:41:37,878 - INFO -     ✅ FEC72W (2.0L, KES 220,000)
2025-08-15 14:41:37,896 - INFO -     ✅ FEC92S (2.0L, KES 315,000)
2025-08-15 14:41:37,924 - INFO -     ✅ FGB72S (2.0L, KES 355,000)
2025-08-15 14:41:37,944 - INFO -     ✅ FE639 (2.0L, KES 220,000)
2025-08-15 14:41:37,944 - INFO -     ✅ FE639 (2.0L, KES 270,000)
2025-08-15 14:41:37,963 - INFO -     ✅ FE649 (2.0L, KES 235,000)
2025-08-15 14:41:37,963 - INFO -     ✅ FE649 (2.0L, KES 380,000)
2025-08-15 14:41:37,982 - INFO -     ✅ FH211 (2.0L, KES 335,000)
2025-08-15 14:41:37,982 - INFO -     ✅ FH211 (2.0L, KES 295,000)
2025-08-15 14:41:38,001 - INFO -     ✅ FK617 (2.0L, KES 355,000)
2025-08-15 14:41:38,001 - INFO -     ✅ FK617 (2.0L, KES 320,000)
2025-08-15 14:41:38,020 - INFO -     ✅ FM617 (2.0L, KES 195,000)
2025-08-15 14:41:38,020 - INFO -     ✅ FM617 (2.0L, KES 375,000)
2025-08-15 14:41:38,039 - INFO -     ✅ FM657 (2.0L, KES 285,000)
2025-08-15 14:41:38,039 - INFO -     ✅ FM657 (2.0L, KES 285,000)
2025-08-15 14:41:38,058 - INFO -     ✅ FG639 (2.0L, KES 240,000)
2025-08-15 14:41:38,058 - INFO -     ✅ FG639 (2.0L, KES 175,000)
2025-08-15 14:41:38,078 - INFO -     ✅ FE640 (2.0L, KES 305,000)
2025-08-15 14:41:38,078 - INFO -     ✅ FE640 (2.0L, KES 290,000)
2025-08-15 14:41:38,096 - INFO -     ✅ FG649 (2.0L, KES 300,000)
2025-08-15 14:41:38,096 - INFO -     ✅ FG649 (2.0L, KES 355,000)
2025-08-15 14:41:38,115 - INFO -     ✅ FE640DW (2.0L, KES 295,000)
2025-08-15 14:41:38,115 - INFO -     ✅ FE640DW (2.0L, KES 325,000)
2025-08-15 14:41:39,314 - INFO -   📅 2014: 45 models
2025-08-15 14:41:39,336 - INFO -     ✅ Outlander (2.4L, KES 240,000)
2025-08-15 14:41:39,349 - INFO -     ✅ Lancer (2.0L, KES 210,000)
2025-08-15 14:41:39,371 - INFO -     ✅ RVR (2.0L, KES 160,000)
2025-08-15 14:41:39,385 - INFO -     ✅ i-MiEV (UnknownL, KES 160,000)
2025-08-15 14:41:39,397 - INFO -     ✅ Mirage (1.2L, KES 150,000)
2025-08-15 14:41:39,416 - INFO -     ✅ Diamante (2.0L, KES 180,000)
2025-08-15 14:41:39,426 - INFO -     ✅ Lancer SportBack (2.0L, KES 150,000)
2025-08-15 14:41:39,436 - INFO -     ✅ Lancer Evolution (2.0L, KES 220,000)
2025-08-15 14:41:39,446 - INFO -     ✅ Outlander Sport (2.0L, KES 260,000)
2025-08-15 14:41:39,464 - INFO -     ✅ FE83D (2.0L, KES 230,000)
2025-08-15 14:41:39,483 - INFO -     ✅ FE84D (2.0L, KES 230,000)
2025-08-15 14:41:39,501 - INFO -     ✅ FE85D (2.0L, KES 220,000)
2025-08-15 14:41:39,520 - INFO -     ✅ FE84DW (2.0L, KES 195,000)
2025-08-15 14:41:39,539 - INFO -     ✅ FG84D (2.0L, KES 175,000)
2025-08-15 14:41:39,558 - INFO -     ✅ FK61F (2.0L, KES 240,000)
2025-08-15 14:41:39,577 - INFO -     ✅ FM61F (2.0L, KES 165,000)
2025-08-15 14:41:39,595 - INFO -     ✅ FM64F (2.0L, KES 195,000)
2025-08-15 14:41:39,614 - INFO -     ✅ FM65F (2.0L, KES 305,000)
2025-08-15 14:41:39,633 - INFO -     ✅ FK62F (2.0L, KES 180,000)
2025-08-15 14:41:39,652 - INFO -     ✅ FK65F (2.0L, KES 205,000)
2025-08-15 14:41:39,671 - INFO -     ✅ FEC52S (2.0L, KES 250,000)
2025-08-15 14:41:39,690 - INFO -     ✅ FEC72S (2.0L, KES 200,000)
2025-08-15 14:41:39,708 - INFO -     ✅ FEC72W (2.0L, KES 215,000)
2025-08-15 14:41:39,727 - INFO -     ✅ FEC92S (2.0L, KES 265,000)
2025-08-15 14:41:39,746 - INFO -     ✅ FGB72S (2.0L, KES 190,000)
2025-08-15 14:41:39,765 - INFO -     ✅ FE639 (2.0L, KES 305,000)
2025-08-15 14:41:39,765 - INFO -     ✅ FE639 (2.0L, KES 260,000)
2025-08-15 14:41:39,784 - INFO -     ✅ FE649 (2.0L, KES 155,000)
2025-08-15 14:41:39,784 - INFO -     ✅ FE649 (2.0L, KES 170,000)
2025-08-15 14:41:39,802 - INFO -     ✅ FH211 (2.0L, KES 175,000)
2025-08-15 14:41:39,802 - INFO -     ✅ FH211 (2.0L, KES 175,000)
2025-08-15 14:41:39,821 - INFO -     ✅ FK617 (2.0L, KES 170,000)
2025-08-15 14:41:39,821 - INFO -     ✅ FK617 (2.0L, KES 210,000)
2025-08-15 14:41:39,841 - INFO -     ✅ FM617 (2.0L, KES 245,000)
2025-08-15 14:41:39,841 - INFO -     ✅ FM617 (2.0L, KES 245,000)
2025-08-15 14:41:39,859 - INFO -     ✅ FM657 (2.0L, KES 300,000)
2025-08-15 14:41:39,859 - INFO -     ✅ FM657 (2.0L, KES 255,000)
2025-08-15 14:41:39,878 - INFO -     ✅ FG639 (2.0L, KES 170,000)
2025-08-15 14:41:39,878 - INFO -     ✅ FG639 (2.0L, KES 315,000)
2025-08-15 14:41:39,897 - INFO -     ✅ FE640 (2.0L, KES 245,000)
2025-08-15 14:41:39,897 - INFO -     ✅ FE640 (2.0L, KES 200,000)
2025-08-15 14:41:39,916 - INFO -     ✅ FG649 (2.0L, KES 220,000)
2025-08-15 14:41:39,916 - INFO -     ✅ FG649 (2.0L, KES 250,000)
2025-08-15 14:41:39,934 - INFO -     ✅ FE640DW (2.0L, KES 245,000)
2025-08-15 14:41:39,935 - INFO -     ✅ FE640DW (2.0L, KES 205,000)
2025-08-15 14:41:39,935 - INFO - 🎉 Collection complete! 1047 vehicles
2025-08-15 14:41:39,938 - INFO - 📊 Saved: kenya_vehicle_data/kenya_vehicles_20250815_144139.csv
2025-08-15 14:41:39,938 - INFO - 📈 Records: 1047
